Using pre-set license
Built from '2020.3/staging' branch; Version is '2020.3.17f1 (a4537701e4ab) revision 10769271'; Using compiler version '192528614'; Build Type 'Release'
OS: 'Windows 10 Home; OS build 19043.1237; Version 2009; 64bit' Language: 'en' Physical Memory: 32718 MB
BatchMode: 1, IsHumanControllingUs: 0, StartBugReporterOnCrash: 0, Is64bit: 1, IsPro: 0

COMMAND LINE ARGUMENTS:
H:\Unity\2020.3.17f1\Editor\Unity.exe
-adb2
-batchMode
-noUpm
-name
AssetImportWorker0
-projectPath
H:/git/CS3012-Game-Development/My project
-logFile
Logs/AssetImportWorker0.log
-srvPort
60920
Successfully changed project path to: H:/git/CS3012-Game-Development/My project
H:/git/CS3012-Game-Development/My project
Using Asset Import Pipeline V2.
Refreshing native plugins compatible for Editor in 34.03 ms, found 3 plugins.
Preloading 0 native plugins for Editor in 0.00 ms.
Initialize engine version: 2020.3.17f1 (a4537701e4ab)
[Subsystems] Discovering subsystems at path H:/Unity/2020.3.17f1/Editor/Data/Resources/UnitySubsystems
[Subsystems] Discovering subsystems at path H:/git/CS3012-Game-Development/My project/Assets
GfxDevice: creating device client; threaded=0
Direct3D:
    Version:  Direct3D 11.0 [level 11.1]
    Renderer: NVIDIA GeForce GTX 970 (ID=0x13c2)
    Vendor:   
    VRAM:     4043 MB
    Driver:   27.21.14.5671
Initialize mono
Mono path[0] = 'H:/Unity/2020.3.17f1/Editor/Data/Managed'
Mono path[1] = 'H:/Unity/2020.3.17f1/Editor/Data/MonoBleedingEdge/lib/mono/unityjit'
Mono config path = 'H:/Unity/2020.3.17f1/Editor/Data/MonoBleedingEdge/etc'
Using monoOptions --debugger-agent=transport=dt_socket,embedding=1,server=y,suspend=n,address=127.0.0.1:56760
Begin MonoManager ReloadAssembly
Registering precompiled unity dll's ...
Register platform support module: H:/Unity/2020.3.17f1/Editor/Data/PlaybackEngines/WindowsStandaloneSupport/UnityEditor.WindowsStandalone.Extensions.dll
Registered in 0.000901 seconds.
Native extension for WindowsStandalone target not found
Refreshing native plugins compatible for Editor in 34.98 ms, found 3 plugins.
Preloading 0 native plugins for Editor in 0.00 ms.
Mono: successfully reloaded assembly
- Completed reload, in  0.692 seconds
Domain Reload Profiling:
	ReloadAssembly (692ms)
		BeginReloadAssembly (40ms)
			ExecutionOrderSort (0ms)
			DisableScriptedObjects (0ms)
			BackupInstance (0ms)
			ReleaseScriptingObjects (0ms)
			CreateAndSetChildDomain (1ms)
		EndReloadAssembly (324ms)
			LoadAssemblies (39ms)
			RebuildTransferFunctionScriptingTraits (0ms)
			SetupTypeCache (116ms)
			ReleaseScriptCaches (0ms)
			RebuildScriptCaches (23ms)
			SetupLoadedEditorAssemblies (134ms)
				LogAssemblyErrors (0ms)
				InitializePlatformSupportModulesInManaged (3ms)
				SetLoadedEditorAssemblies (0ms)
				RefreshPlugins (35ms)
				BeforeProcessingInitializeOnLoad (14ms)
				ProcessInitializeOnLoadAttributes (61ms)
				ProcessInitializeOnLoadMethodAttributes (21ms)
				AfterProcessingInitializeOnLoad (0ms)
				EditorAssembliesLoaded (0ms)
			ExecutionOrderSort2 (0ms)
			AwakeInstancesAfterBackupRestoration (0ms)
Platform modules already initialized, skipping
Registering precompiled user dll's ...
Registered in 0.002108 seconds.
Begin MonoManager ReloadAssembly
Native extension for WindowsStandalone target not found
Refreshing native plugins compatible for Editor in 34.43 ms, found 3 plugins.
Preloading 0 native plugins for Editor in 0.00 ms.
Mono: successfully reloaded assembly
- Completed reload, in  0.913 seconds
Domain Reload Profiling:
	ReloadAssembly (914ms)
		BeginReloadAssembly (115ms)
			ExecutionOrderSort (0ms)
			DisableScriptedObjects (4ms)
			BackupInstance (0ms)
			ReleaseScriptingObjects (0ms)
			CreateAndSetChildDomain (17ms)
		EndReloadAssembly (752ms)
			LoadAssemblies (66ms)
			RebuildTransferFunctionScriptingTraits (0ms)
			SetupTypeCache (227ms)
			ReleaseScriptCaches (0ms)
			RebuildScriptCaches (38ms)
			SetupLoadedEditorAssemblies (322ms)
				LogAssemblyErrors (0ms)
				InitializePlatformSupportModulesInManaged (3ms)
				SetLoadedEditorAssemblies (0ms)
				RefreshPlugins (34ms)
				BeforeProcessingInitializeOnLoad (58ms)
				ProcessInitializeOnLoadAttributes (214ms)
				ProcessInitializeOnLoadMethodAttributes (11ms)
				AfterProcessingInitializeOnLoad (2ms)
				EditorAssembliesLoaded (0ms)
			ExecutionOrderSort2 (0ms)
			AwakeInstancesAfterBackupRestoration (5ms)
Platform modules already initialized, skipping
========================================================================
Worker process is ready to serve import requests
Launched and connected shader compiler UnityShaderCompiler.exe after 0.04 seconds
Refreshing native plugins compatible for Editor in 0.74 ms, found 3 plugins.
Preloading 0 native plugins for Editor in 0.00 ms.
Unloading 2091 Unused Serialized files (Serialized files now loaded: 0)
System memory in use before: 93.1 MB.
System memory in use after: 93.2 MB.

Unloading 28 unused Assets to reduce memory usage. Loaded Objects now: 2528.
Total: 3.021600 ms (FindLiveObjects: 0.246800 ms CreateObjectMapping: 0.045800 ms MarkObjects: 2.664000 ms  DeleteObjects: 0.063800 ms)

AssetImportParameters requested are different than current active one (requested -> active):
  custom:framework-win-MediaFoundation: 216162199b28c13a410421893ffa2e32 -> 
  custom:video-decoder-ogg-theora: a1e56fd34408186e4bbccfd4996cb3dc -> 
  custom:container-muxer-webm: aa71ff27fc2769a1b78a27578f13a17b -> 
  custom:container-demuxer-webm: 4f35f7cbe854078d1ac9338744f61a02 -> 
  custom:container-demuxer-ogg: 62fdf1f143b41e24485cea50d1cbac27 -> 
  custom:video-encoder-webm-vp8: eb34c28f22e8b96e1ab97ce403110664 -> 
  custom:video-codec-MediaFoundation-h265: 746d11721c4dcdbdad8f713fa42b33f4 -> 
  custom:video-decoder-webm-vp8: 9c59270c3fd7afecdb556c50c9e8de78 -> 
  custom:audio-decoder-ogg-vorbis: bf7c407c2cedff20999df2af8eb42d56 -> 
  custom:audio-encoder-webm-vorbis: bf7c407c2cedff20999df2af8eb42d56 -> 
========================================================================
Received Import Request.
  path: Assets/Scenes/SampleScene.unity
  artifactKey: Guid(2cda990e2423bbf4892e6590ba056729) Importer(815301076,1909f56bfc062723c751e8b465ee728b)
Start importing Assets/Scenes/SampleScene.unity using Guid(2cda990e2423bbf4892e6590ba056729) Importer(815301076,1909f56bfc062723c751e8b465ee728b)  -> (artifact id: 'aa27944bdea339c97c39027c7eea529c') in 0.028205 seconds 
  Import took 0.031393 seconds .

========================================================================
Received Import Request.
  Time since last request: 0.000179 seconds.
  path: Assets/Scenes
  artifactKey: Guid(a77a52287e1539c4e99c6f82941561d8) Importer(815301076,1909f56bfc062723c751e8b465ee728b)
Start importing Assets/Scenes using Guid(a77a52287e1539c4e99c6f82941561d8) Importer(815301076,1909f56bfc062723c751e8b465ee728b)  -> (artifact id: '726da8783892c1ce8f442f163a673522') in 0.004649 seconds 
  Import took 0.006888 seconds .

========================================================================
Received Import Request.
  Time since last request: 13.961421 seconds.
  path: Assets/Scenes/A.unity
  artifactKey: Guid(2cda990e2423bbf4892e6590ba056729) Importer(815301076,1909f56bfc062723c751e8b465ee728b)
Start importing Assets/Scenes/A.unity using Guid(2cda990e2423bbf4892e6590ba056729) Importer(815301076,1909f56bfc062723c751e8b465ee728b)  -> (artifact id: 'f104725e495655dd5d242c3994a35c3b') in 0.006543 seconds 
  Import took 0.009661 seconds .

========================================================================
Received Import Request.
  Time since last request: 648.562758 seconds.
  path: Assets
  artifactKey: Guid(00000000000000001000000000000000) Importer(815301076,1909f56bfc062723c751e8b465ee728b)
Start importing Assets using Guid(00000000000000001000000000000000) Importer(815301076,1909f56bfc062723c751e8b465ee728b)  -> (artifact id: '42d402b061de3733987d63b9cc3b64de') in 0.005080 seconds 
  Import took 0.008525 seconds .

========================================================================
Received Import Request.
  Time since last request: 7.018070 seconds.
  path: Assets/Scripts
  artifactKey: Guid(7d8986cd38b1b564c819404db6df612b) Importer(815301076,1909f56bfc062723c751e8b465ee728b)
Start importing Assets/Scripts using Guid(7d8986cd38b1b564c819404db6df612b) Importer(815301076,1909f56bfc062723c751e8b465ee728b)  -> (artifact id: '75e917767e97fcfc110037d02834dc7e') in 0.005097 seconds 
  Import took 0.008173 seconds .

========================================================================
Received Import Request.
  Time since last request: 9.910017 seconds.
  path: Assets/Scripts/SceneLoader.cs
  artifactKey: Guid(2e94c9005fc13374397f22c0c301e0fc) Importer(815301076,1909f56bfc062723c751e8b465ee728b)
Start importing Assets/Scripts/SceneLoader.cs using Guid(2e94c9005fc13374397f22c0c301e0fc) Importer(815301076,1909f56bfc062723c751e8b465ee728b)  -> (artifact id: '132e757ecc97c04ec012a43ee80658ce') in 0.040184 seconds 
  Import took 0.043296 seconds .

========================================================================
Received Prepare
Registering precompiled user dll's ...
Registered in 0.002293 seconds.
Begin MonoManager ReloadAssembly
Native extension for WindowsStandalone target not found
Refreshing native plugins compatible for Editor in 0.51 ms, found 3 plugins.
Preloading 0 native plugins for Editor in 0.00 ms.
Mono: successfully reloaded assembly
- Completed reload, in  0.857 seconds
Domain Reload Profiling:
	ReloadAssembly (858ms)
		BeginReloadAssembly (104ms)
			ExecutionOrderSort (0ms)
			DisableScriptedObjects (6ms)
			BackupInstance (0ms)
			ReleaseScriptingObjects (0ms)
			CreateAndSetChildDomain (31ms)
		EndReloadAssembly (704ms)
			LoadAssemblies (73ms)
			RebuildTransferFunctionScriptingTraits (0ms)
			SetupTypeCache (233ms)
			ReleaseScriptCaches (1ms)
			RebuildScriptCaches (36ms)
			SetupLoadedEditorAssemblies (286ms)
				LogAssemblyErrors (0ms)
				InitializePlatformSupportModulesInManaged (4ms)
				SetLoadedEditorAssemblies (0ms)
				RefreshPlugins (1ms)
				BeforeProcessingInitializeOnLoad (59ms)
				ProcessInitializeOnLoadAttributes (215ms)
				ProcessInitializeOnLoadMethodAttributes (5ms)
				AfterProcessingInitializeOnLoad (2ms)
				EditorAssembliesLoaded (0ms)
			ExecutionOrderSort2 (0ms)
			AwakeInstancesAfterBackupRestoration (9ms)
Platform modules already initialized, skipping
Refreshing native plugins compatible for Editor in 0.49 ms, found 3 plugins.
Preloading 0 native plugins for Editor in 0.00 ms.
Unloading 2082 Unused Serialized files (Serialized files now loaded: 0)
System memory in use before: 92.6 MB.
System memory in use after: 92.7 MB.

Unloading 16 unused Assets to reduce memory usage. Loaded Objects now: 2532.
Total: 3.059500 ms (FindLiveObjects: 0.181900 ms CreateObjectMapping: 0.046500 ms MarkObjects: 2.814600 ms  DeleteObjects: 0.015400 ms)

AssetImportParameters requested are different than current active one (requested -> active):
  custom:framework-win-MediaFoundation: 216162199b28c13a410421893ffa2e32 -> 
  custom:video-decoder-ogg-theora: a1e56fd34408186e4bbccfd4996cb3dc -> 
  custom:container-muxer-webm: aa71ff27fc2769a1b78a27578f13a17b -> 
  custom:container-demuxer-webm: 4f35f7cbe854078d1ac9338744f61a02 -> 
  custom:container-demuxer-ogg: 62fdf1f143b41e24485cea50d1cbac27 -> 
  custom:video-encoder-webm-vp8: eb34c28f22e8b96e1ab97ce403110664 -> 
  custom:video-codec-MediaFoundation-h265: 746d11721c4dcdbdad8f713fa42b33f4 -> 
  custom:video-decoder-webm-vp8: 9c59270c3fd7afecdb556c50c9e8de78 -> 
  custom:audio-decoder-ogg-vorbis: bf7c407c2cedff20999df2af8eb42d56 -> 
  custom:audio-encoder-webm-vorbis: bf7c407c2cedff20999df2af8eb42d56 -> 
========================================================================
Received Prepare
Registering precompiled user dll's ...
Registered in 0.002307 seconds.
Begin MonoManager ReloadAssembly
Native extension for WindowsStandalone target not found
Refreshing native plugins compatible for Editor in 0.48 ms, found 3 plugins.
Preloading 0 native plugins for Editor in 0.00 ms.
Mono: successfully reloaded assembly
- Completed reload, in  0.848 seconds
Domain Reload Profiling:
	ReloadAssembly (849ms)
		BeginReloadAssembly (103ms)
			ExecutionOrderSort (0ms)
			DisableScriptedObjects (5ms)
			BackupInstance (0ms)
			ReleaseScriptingObjects (0ms)
			CreateAndSetChildDomain (31ms)
		EndReloadAssembly (697ms)
			LoadAssemblies (68ms)
			RebuildTransferFunctionScriptingTraits (0ms)
			SetupTypeCache (235ms)
			ReleaseScriptCaches (1ms)
			RebuildScriptCaches (34ms)
			SetupLoadedEditorAssemblies (278ms)
				LogAssemblyErrors (0ms)
				InitializePlatformSupportModulesInManaged (4ms)
				SetLoadedEditorAssemblies (0ms)
				RefreshPlugins (1ms)
				BeforeProcessingInitializeOnLoad (60ms)
				ProcessInitializeOnLoadAttributes (207ms)
				ProcessInitializeOnLoadMethodAttributes (5ms)
				AfterProcessingInitializeOnLoad (2ms)
				EditorAssembliesLoaded (0ms)
			ExecutionOrderSort2 (0ms)
			AwakeInstancesAfterBackupRestoration (8ms)
Platform modules already initialized, skipping
Refreshing native plugins compatible for Editor in 0.47 ms, found 3 plugins.
Preloading 0 native plugins for Editor in 0.00 ms.
Unloading 2082 Unused Serialized files (Serialized files now loaded: 0)
System memory in use before: 92.6 MB.
System memory in use after: 92.7 MB.

Unloading 16 unused Assets to reduce memory usage. Loaded Objects now: 2535.
Total: 3.020200 ms (FindLiveObjects: 0.166300 ms CreateObjectMapping: 0.046200 ms MarkObjects: 2.786100 ms  DeleteObjects: 0.020700 ms)

AssetImportParameters requested are different than current active one (requested -> active):
  custom:framework-win-MediaFoundation: 216162199b28c13a410421893ffa2e32 -> 
  custom:video-decoder-ogg-theora: a1e56fd34408186e4bbccfd4996cb3dc -> 
  custom:container-muxer-webm: aa71ff27fc2769a1b78a27578f13a17b -> 
  custom:container-demuxer-webm: 4f35f7cbe854078d1ac9338744f61a02 -> 
  custom:container-demuxer-ogg: 62fdf1f143b41e24485cea50d1cbac27 -> 
  custom:video-encoder-webm-vp8: eb34c28f22e8b96e1ab97ce403110664 -> 
  custom:video-codec-MediaFoundation-h265: 746d11721c4dcdbdad8f713fa42b33f4 -> 
  custom:video-decoder-webm-vp8: 9c59270c3fd7afecdb556c50c9e8de78 -> 
  custom:audio-decoder-ogg-vorbis: bf7c407c2cedff20999df2af8eb42d56 -> 
  custom:audio-encoder-webm-vorbis: bf7c407c2cedff20999df2af8eb42d56 -> 
========================================================================
Received Import Request.
  Time since last request: 489.137795 seconds.
  path: Assets/Scripts/SceneLoader.cs
  artifactKey: Guid(2e94c9005fc13374397f22c0c301e0fc) Importer(815301076,1909f56bfc062723c751e8b465ee728b)
Start importing Assets/Scripts/SceneLoader.cs using Guid(2e94c9005fc13374397f22c0c301e0fc) Importer(815301076,1909f56bfc062723c751e8b465ee728b)  -> (artifact id: '8a936e0ff92099fe288e44cee34cfc1c') in 0.004249 seconds 
  Import took 0.006899 seconds .

========================================================================
Received Prepare
Registering precompiled user dll's ...
Registered in 0.002426 seconds.
Begin MonoManager ReloadAssembly
Native extension for WindowsStandalone target not found
Refreshing native plugins compatible for Editor in 0.49 ms, found 3 plugins.
Preloading 0 native plugins for Editor in 0.00 ms.
Mono: successfully reloaded assembly
- Completed reload, in  0.832 seconds
Domain Reload Profiling:
	ReloadAssembly (832ms)
		BeginReloadAssembly (99ms)
			ExecutionOrderSort (0ms)
			DisableScriptedObjects (5ms)
			BackupInstance (0ms)
			ReleaseScriptingObjects (0ms)
			CreateAndSetChildDomain (32ms)
		EndReloadAssembly (685ms)
			LoadAssemblies (70ms)
			RebuildTransferFunctionScriptingTraits (0ms)
			SetupTypeCache (227ms)
			ReleaseScriptCaches (1ms)
			RebuildScriptCaches (35ms)
			SetupLoadedEditorAssemblies (275ms)
				LogAssemblyErrors (0ms)
				InitializePlatformSupportModulesInManaged (4ms)
				SetLoadedEditorAssemblies (0ms)
				RefreshPlugins (1ms)
				BeforeProcessingInitializeOnLoad (59ms)
				ProcessInitializeOnLoadAttributes (206ms)
				ProcessInitializeOnLoadMethodAttributes (4ms)
				AfterProcessingInitializeOnLoad (2ms)
				EditorAssembliesLoaded (0ms)
			ExecutionOrderSort2 (0ms)
			AwakeInstancesAfterBackupRestoration (8ms)
Platform modules already initialized, skipping
Refreshing native plugins compatible for Editor in 0.43 ms, found 3 plugins.
Preloading 0 native plugins for Editor in 0.00 ms.
Unloading 2082 Unused Serialized files (Serialized files now loaded: 0)
System memory in use before: 92.6 MB.
System memory in use after: 92.7 MB.

Unloading 16 unused Assets to reduce memory usage. Loaded Objects now: 2538.
Total: 2.963800 ms (FindLiveObjects: 0.211900 ms CreateObjectMapping: 0.046000 ms MarkObjects: 2.685700 ms  DeleteObjects: 0.019300 ms)

AssetImportParameters requested are different than current active one (requested -> active):
  custom:framework-win-MediaFoundation: 216162199b28c13a410421893ffa2e32 -> 
  custom:video-decoder-ogg-theora: a1e56fd34408186e4bbccfd4996cb3dc -> 
  custom:container-muxer-webm: aa71ff27fc2769a1b78a27578f13a17b -> 
  custom:container-demuxer-webm: 4f35f7cbe854078d1ac9338744f61a02 -> 
  custom:container-demuxer-ogg: 62fdf1f143b41e24485cea50d1cbac27 -> 
  custom:video-encoder-webm-vp8: eb34c28f22e8b96e1ab97ce403110664 -> 
  custom:video-codec-MediaFoundation-h265: 746d11721c4dcdbdad8f713fa42b33f4 -> 
  custom:video-decoder-webm-vp8: 9c59270c3fd7afecdb556c50c9e8de78 -> 
  custom:audio-decoder-ogg-vorbis: bf7c407c2cedff20999df2af8eb42d56 -> 
  custom:audio-encoder-webm-vorbis: bf7c407c2cedff20999df2af8eb42d56 -> 
========================================================================
Received Import Request.
  Time since last request: 308.960813 seconds.
  path: Assets/Scripts/SceneLoader.cs
  artifactKey: Guid(2e94c9005fc13374397f22c0c301e0fc) Importer(815301076,1909f56bfc062723c751e8b465ee728b)
Start importing Assets/Scripts/SceneLoader.cs using Guid(2e94c9005fc13374397f22c0c301e0fc) Importer(815301076,1909f56bfc062723c751e8b465ee728b)  -> (artifact id: 'fc34c92853d3cd73cab5c3dc54ff8d8e') in 0.004619 seconds 
  Import took 0.007486 seconds .

========================================================================
Received Import Request.
  Time since last request: 58.382741 seconds.
  path: Assets/Scenes/A 1.unity
  artifactKey: Guid(db96aa404a77b2a4cb1d050763a963c1) Importer(815301076,1909f56bfc062723c751e8b465ee728b)
Start importing Assets/Scenes/A 1.unity using Guid(db96aa404a77b2a4cb1d050763a963c1) Importer(815301076,1909f56bfc062723c751e8b465ee728b)  -> (artifact id: '6fcc276004a6adf6a0f71a66a134395b') in 0.010472 seconds 
  Import took 0.013507 seconds .

========================================================================
Received Import Request.
  Time since last request: 3.954406 seconds.
  path: Assets/Scenes/A 2.unity
  artifactKey: Guid(6317e4a93872d5042a250e40ebd8cbd0) Importer(815301076,1909f56bfc062723c751e8b465ee728b)
Start importing Assets/Scenes/A 2.unity using Guid(6317e4a93872d5042a250e40ebd8cbd0) Importer(815301076,1909f56bfc062723c751e8b465ee728b)  -> (artifact id: '7ff67553b102debb7dce28d0130969d6') in 0.005192 seconds 
  Import took 0.008250 seconds .

========================================================================
Received Import Request.
  Time since last request: 0.208853 seconds.
  path: Assets/Scenes/A 3.unity
  artifactKey: Guid(555e6380bab5b07449ffeb890f755485) Importer(815301076,1909f56bfc062723c751e8b465ee728b)
Start importing Assets/Scenes/A 3.unity using Guid(555e6380bab5b07449ffeb890f755485) Importer(815301076,1909f56bfc062723c751e8b465ee728b)  -> (artifact id: '188448e58eaeccffa33ac43885a819d7') in 0.005195 seconds 
  Import took 0.008261 seconds .

========================================================================
Received Import Request.
  Time since last request: 0.183689 seconds.
  path: Assets/Scenes/A 4.unity
  artifactKey: Guid(8c110f98f795187469924d6e5df57101) Importer(815301076,1909f56bfc062723c751e8b465ee728b)
Start importing Assets/Scenes/A 4.unity using Guid(8c110f98f795187469924d6e5df57101) Importer(815301076,1909f56bfc062723c751e8b465ee728b)  -> (artifact id: '59ae8a3d21c6bf840536615820727708') in 0.004884 seconds 
  Import took 0.008152 seconds .

========================================================================
Received Import Request.
  Time since last request: 3.267034 seconds.
  path: Assets/Scenes/A 5.unity
  artifactKey: Guid(8615f59f0f60c2e42918bff9be7955e7) Importer(815301076,1909f56bfc062723c751e8b465ee728b)
Start importing Assets/Scenes/A 5.unity using Guid(8615f59f0f60c2e42918bff9be7955e7) Importer(815301076,1909f56bfc062723c751e8b465ee728b)  -> (artifact id: 'a45fc33877f2fe1a373d4bc50730b2b1') in 0.005133 seconds 
  Import took 0.008290 seconds .

========================================================================
Received Import Request.
  Time since last request: 0.436807 seconds.
  path: Assets/Scenes/A 6.unity
  artifactKey: Guid(6fb22f14954a3db4c9db1b58daa9c88f) Importer(815301076,1909f56bfc062723c751e8b465ee728b)
Start importing Assets/Scenes/A 6.unity using Guid(6fb22f14954a3db4c9db1b58daa9c88f) Importer(815301076,1909f56bfc062723c751e8b465ee728b)  -> (artifact id: '376f2328a8d4254dd7830d55f79e834b') in 0.005853 seconds 
  Import took 0.008989 seconds .

========================================================================
Received Import Request.
  Time since last request: 0.390398 seconds.
  path: Assets/Scenes/A 7.unity
  artifactKey: Guid(9c2b9acd9d5993246b2072cf6d72d935) Importer(815301076,1909f56bfc062723c751e8b465ee728b)
Start importing Assets/Scenes/A 7.unity using Guid(9c2b9acd9d5993246b2072cf6d72d935) Importer(815301076,1909f56bfc062723c751e8b465ee728b)  -> (artifact id: 'dee2f92dedf3176ccec69b8390a68902') in 0.005255 seconds 
  Import took 0.008197 seconds .

========================================================================
Received Import Request.
  Time since last request: 0.458300 seconds.
  path: Assets/Scenes/A 8.unity
  artifactKey: Guid(b940b94d4f864934eabdaf8d8de7de3d) Importer(815301076,1909f56bfc062723c751e8b465ee728b)
Start importing Assets/Scenes/A 8.unity using Guid(b940b94d4f864934eabdaf8d8de7de3d) Importer(815301076,1909f56bfc062723c751e8b465ee728b)  -> (artifact id: '35e8537f3a5b92f9dccd53f15cab9e95') in 0.005681 seconds 
  Import took 0.008687 seconds .

========================================================================
Received Import Request.
  Time since last request: 17.677568 seconds.
  path: Assets/Scenes/A.unity
  artifactKey: Guid(2cda990e2423bbf4892e6590ba056729) Importer(815301076,1909f56bfc062723c751e8b465ee728b)
Start importing Assets/Scenes/A.unity using Guid(2cda990e2423bbf4892e6590ba056729) Importer(815301076,1909f56bfc062723c751e8b465ee728b)  -> (artifact id: '90a2cf800652df679d9da425685a85c9') in 0.005326 seconds 
  Import took 0.008546 seconds .

========================================================================
Received Import Request.
  Time since last request: 64.994285 seconds.
  path: Assets/Scenes/SceneMain.prefab
  artifactKey: Guid(acf6c1e7864cbea43823ad2a778641b7) Importer(815301076,1909f56bfc062723c751e8b465ee728b)
Start importing Assets/Scenes/SceneMain.prefab using Guid(acf6c1e7864cbea43823ad2a778641b7) Importer(815301076,1909f56bfc062723c751e8b465ee728b)  -> (artifact id: 'b590ec026e0cf7dfdd51eda88fe000cb') in 0.019725 seconds 
  Import took 0.023254 seconds .

========================================================================
Received Import Request.
  Time since last request: 0.000984 seconds.
  path: Assets/Scenes/SceneMain.prefab
  artifactKey: Guid(acf6c1e7864cbea43823ad2a778641b7) Importer(815301076,1909f56bfc062723c751e8b465ee728b)
Start importing Assets/Scenes/SceneMain.prefab using Guid(acf6c1e7864cbea43823ad2a778641b7) Importer(815301076,1909f56bfc062723c751e8b465ee728b)  -> (artifact id: 'b590ec026e0cf7dfdd51eda88fe000cb') in 0.003241 seconds 
  Import took 0.006148 seconds .

========================================================================
Received Import Request.
  Time since last request: 44.960358 seconds.
  path: Assets/Scenes/New Scene.unity
  artifactKey: Guid(5dda803d25d1dce4bbeec5f441aaf04a) Importer(815301076,1909f56bfc062723c751e8b465ee728b)
Start importing Assets/Scenes/New Scene.unity using Guid(5dda803d25d1dce4bbeec5f441aaf04a) Importer(815301076,1909f56bfc062723c751e8b465ee728b)  -> (artifact id: 'fcf60abb6e1e2a910d562a546af3a10c') in 0.005689 seconds 
  Import took 0.008919 seconds .

========================================================================
Received Import Request.
  Time since last request: 18.382498 seconds.
  path: Assets/Scenes/A 1.unity
  artifactKey: Guid(d18451f6e55ac304fb22262cd1454858) Importer(815301076,1909f56bfc062723c751e8b465ee728b)
Start importing Assets/Scenes/A 1.unity using Guid(d18451f6e55ac304fb22262cd1454858) Importer(815301076,1909f56bfc062723c751e8b465ee728b)  -> (artifact id: '41fa4d3543f8b99c702dd27567a722dd') in 0.002185 seconds 
  Import took 0.005494 seconds .

========================================================================
Received Import Request.
  Time since last request: 16.623871 seconds.
  path: Assets/Scenes/A 2.unity
  artifactKey: Guid(047e0fed775b431488267b24b43a1789) Importer(815301076,1909f56bfc062723c751e8b465ee728b)
Start importing Assets/Scenes/A 2.unity using Guid(047e0fed775b431488267b24b43a1789) Importer(815301076,1909f56bfc062723c751e8b465ee728b)  -> (artifact id: 'f4fcb0221783c6f634b200c5ff4f6f98') in 0.002122 seconds 
  Import took 0.005407 seconds .

========================================================================
Received Import Request.
  Time since last request: 9.674759 seconds.
  path: Assets/Scenes/A 3.unity
  artifactKey: Guid(1379bf0acdb72ba468ff7489d3b9fbde) Importer(815301076,1909f56bfc062723c751e8b465ee728b)
Start importing Assets/Scenes/A 3.unity using Guid(1379bf0acdb72ba468ff7489d3b9fbde) Importer(815301076,1909f56bfc062723c751e8b465ee728b)  -> (artifact id: 'effb3e5f0d35158b7a66a902630456d8') in 0.001835 seconds 
  Import took 0.004883 seconds .

========================================================================
Received Import Request.
  Time since last request: 0.484098 seconds.
  path: Assets/Scenes/A 4.unity
  artifactKey: Guid(adc73f0dc58a2684abe8e994edd972fc) Importer(815301076,1909f56bfc062723c751e8b465ee728b)
Start importing Assets/Scenes/A 4.unity using Guid(adc73f0dc58a2684abe8e994edd972fc) Importer(815301076,1909f56bfc062723c751e8b465ee728b)  -> (artifact id: 'be46e9626aa69c615f3b33386116d1e0') in 0.002020 seconds 
  Import took 0.005128 seconds .

========================================================================
Received Import Request.
  Time since last request: 0.438668 seconds.
  path: Assets/Scenes/A 5.unity
  artifactKey: Guid(62e63208ea8d3244aa92f57f03a04ac7) Importer(815301076,1909f56bfc062723c751e8b465ee728b)
Start importing Assets/Scenes/A 5.unity using Guid(62e63208ea8d3244aa92f57f03a04ac7) Importer(815301076,1909f56bfc062723c751e8b465ee728b)  -> (artifact id: '28cb911a1f2c45e276543dee8852247d') in 0.002012 seconds 
  Import took 0.005125 seconds .

========================================================================
Received Import Request.
  Time since last request: 0.437462 seconds.
  path: Assets/Scenes/A 6.unity
  artifactKey: Guid(bf4c0702b9faa33489657b0d5bbc83d9) Importer(815301076,1909f56bfc062723c751e8b465ee728b)
Start importing Assets/Scenes/A 6.unity using Guid(bf4c0702b9faa33489657b0d5bbc83d9) Importer(815301076,1909f56bfc062723c751e8b465ee728b)  -> (artifact id: '9623f0fc05190c6f6ace8f843599396f') in 0.004984 seconds 
  Import took 0.008179 seconds .

========================================================================
Received Import Request.
  Time since last request: 0.426358 seconds.
  path: Assets/Scenes/A 7.unity
  artifactKey: Guid(a0bbc8d22097aaa479aa768e2459ed68) Importer(815301076,1909f56bfc062723c751e8b465ee728b)
Start importing Assets/Scenes/A 7.unity using Guid(a0bbc8d22097aaa479aa768e2459ed68) Importer(815301076,1909f56bfc062723c751e8b465ee728b)  -> (artifact id: 'df63db8c8b0ee10957a068fc8da80611') in 0.001932 seconds 
  Import took 0.004969 seconds .

========================================================================
Received Import Request.
  Time since last request: 1.004614 seconds.
  path: Assets/Scenes/A 8.unity
  artifactKey: Guid(857d79f42024144458b251a27b6275ed) Importer(815301076,1909f56bfc062723c751e8b465ee728b)
Start importing Assets/Scenes/A 8.unity using Guid(857d79f42024144458b251a27b6275ed) Importer(815301076,1909f56bfc062723c751e8b465ee728b)  -> (artifact id: '3ff500afafac69e9b799b520684ba572') in 0.001999 seconds 
  Import took 0.004962 seconds .

========================================================================
Received Import Request.
  Time since last request: 24.574671 seconds.
  path: Assets/Scenes/B.unity
  artifactKey: Guid(d18451f6e55ac304fb22262cd1454858) Importer(815301076,1909f56bfc062723c751e8b465ee728b)
Start importing Assets/Scenes/B.unity using Guid(d18451f6e55ac304fb22262cd1454858) Importer(815301076,1909f56bfc062723c751e8b465ee728b)  -> (artifact id: '053d6cd82cf71ad9c689ba841d5b048d') in 0.005077 seconds 
  Import took 0.008132 seconds .

========================================================================
Received Import Request.
  Time since last request: 5.076616 seconds.
  path: Assets/Scenes/C.unity
  artifactKey: Guid(047e0fed775b431488267b24b43a1789) Importer(815301076,1909f56bfc062723c751e8b465ee728b)
Start importing Assets/Scenes/C.unity using Guid(047e0fed775b431488267b24b43a1789) Importer(815301076,1909f56bfc062723c751e8b465ee728b)  -> (artifact id: '6e036e6a45b00580d8d64702f745ce4f') in 0.005096 seconds 
  Import took 0.008179 seconds .

========================================================================
Received Import Request.
  Time since last request: 5.552646 seconds.
  path: Assets/Scenes/D.unity
  artifactKey: Guid(1379bf0acdb72ba468ff7489d3b9fbde) Importer(815301076,1909f56bfc062723c751e8b465ee728b)
Start importing Assets/Scenes/D.unity using Guid(1379bf0acdb72ba468ff7489d3b9fbde) Importer(815301076,1909f56bfc062723c751e8b465ee728b)  -> (artifact id: 'd68dc734632589a26ca90705620d4b95') in 0.005133 seconds 
  Import took 0.008079 seconds .

========================================================================
Received Import Request.
  Time since last request: 4.367692 seconds.
  path: Assets/Scenes/E.unity
  artifactKey: Guid(adc73f0dc58a2684abe8e994edd972fc) Importer(815301076,1909f56bfc062723c751e8b465ee728b)
Start importing Assets/Scenes/E.unity using Guid(adc73f0dc58a2684abe8e994edd972fc) Importer(815301076,1909f56bfc062723c751e8b465ee728b)  -> (artifact id: 'f564080be6e5f9398503a876106c4644') in 0.004958 seconds 
  Import took 0.007973 seconds .

========================================================================
Received Import Request.
  Time since last request: 6.009147 seconds.
  path: Assets/Scenes/F.unity
  artifactKey: Guid(62e63208ea8d3244aa92f57f03a04ac7) Importer(815301076,1909f56bfc062723c751e8b465ee728b)
Start importing Assets/Scenes/F.unity using Guid(62e63208ea8d3244aa92f57f03a04ac7) Importer(815301076,1909f56bfc062723c751e8b465ee728b)  -> (artifact id: '384b07fcad0dcdd01eb4e0e6cc8217f8') in 0.005210 seconds 
  Import took 0.008446 seconds .

========================================================================
Received Import Request.
  Time since last request: 5.768537 seconds.
  path: Assets/Scenes/G.unity
  artifactKey: Guid(bf4c0702b9faa33489657b0d5bbc83d9) Importer(815301076,1909f56bfc062723c751e8b465ee728b)
Start importing Assets/Scenes/G.unity using Guid(bf4c0702b9faa33489657b0d5bbc83d9) Importer(815301076,1909f56bfc062723c751e8b465ee728b)  -> (artifact id: '995a5d6ffb4cb8ce1b79cd2282cc6893') in 0.005607 seconds 
  Import took 0.008609 seconds .

========================================================================
Received Import Request.
  Time since last request: 5.885027 seconds.
  path: Assets/Scenes/H.unity
  artifactKey: Guid(a0bbc8d22097aaa479aa768e2459ed68) Importer(815301076,1909f56bfc062723c751e8b465ee728b)
Start importing Assets/Scenes/H.unity using Guid(a0bbc8d22097aaa479aa768e2459ed68) Importer(815301076,1909f56bfc062723c751e8b465ee728b)  -> (artifact id: '668433b7e2e8e87fbe6b4007df967c0c') in 0.005757 seconds 
  Import took 0.008870 seconds .

========================================================================
Received Import Request.
  Time since last request: 5.929578 seconds.
  path: Assets/Scenes/I.unity
  artifactKey: Guid(857d79f42024144458b251a27b6275ed) Importer(815301076,1909f56bfc062723c751e8b465ee728b)
Start importing Assets/Scenes/I.unity using Guid(857d79f42024144458b251a27b6275ed) Importer(815301076,1909f56bfc062723c751e8b465ee728b)  -> (artifact id: '2044dcd30bc462d2ba32ad07005901ae') in 0.005491 seconds 
  Import took 0.008514 seconds .

========================================================================
Received Import Request.
  Time since last request: 554.035711 seconds.
  path: Assets/Scenes/A.unity
  artifactKey: Guid(2cda990e2423bbf4892e6590ba056729) Importer(815301076,1909f56bfc062723c751e8b465ee728b)
Start importing Assets/Scenes/A.unity using Guid(2cda990e2423bbf4892e6590ba056729) Importer(815301076,1909f56bfc062723c751e8b465ee728b)  -> (artifact id: '5537bf7da1628be88c70123875e45e71') in 0.002115 seconds 
  Import took 0.005483 seconds .

========================================================================
Received Prepare
Registering precompiled user dll's ...
Registered in 0.002433 seconds.
Begin MonoManager ReloadAssembly
Native extension for WindowsStandalone target not found
Refreshing native plugins compatible for Editor in 0.53 ms, found 3 plugins.
Preloading 0 native plugins for Editor in 0.00 ms.
Mono: successfully reloaded assembly
- Completed reload, in  0.904 seconds
Domain Reload Profiling:
	ReloadAssembly (904ms)
		BeginReloadAssembly (106ms)
			ExecutionOrderSort (0ms)
			DisableScriptedObjects (5ms)
			BackupInstance (0ms)
			ReleaseScriptingObjects (0ms)
			CreateAndSetChildDomain (33ms)
		EndReloadAssembly (746ms)
			LoadAssemblies (74ms)
			RebuildTransferFunctionScriptingTraits (0ms)
			SetupTypeCache (243ms)
			ReleaseScriptCaches (1ms)
			RebuildScriptCaches (37ms)
			SetupLoadedEditorAssemblies (306ms)
				LogAssemblyErrors (0ms)
				InitializePlatformSupportModulesInManaged (4ms)
				SetLoadedEditorAssemblies (0ms)
				RefreshPlugins (1ms)
				BeforeProcessingInitializeOnLoad (66ms)
				ProcessInitializeOnLoadAttributes (228ms)
				ProcessInitializeOnLoadMethodAttributes (5ms)
				AfterProcessingInitializeOnLoad (2ms)
				EditorAssembliesLoaded (0ms)
			ExecutionOrderSort2 (0ms)
			AwakeInstancesAfterBackupRestoration (9ms)
Platform modules already initialized, skipping
Refreshing native plugins compatible for Editor in 0.85 ms, found 3 plugins.
Preloading 0 native plugins for Editor in 0.00 ms.
Unloading 2082 Unused Serialized files (Serialized files now loaded: 0)
System memory in use before: 92.8 MB.
System memory in use after: 92.9 MB.

Unloading 16 unused Assets to reduce memory usage. Loaded Objects now: 2541.
Total: 3.646700 ms (FindLiveObjects: 0.337700 ms CreateObjectMapping: 0.065700 ms MarkObjects: 3.225100 ms  DeleteObjects: 0.016800 ms)

AssetImportParameters requested are different than current active one (requested -> active):
  custom:framework-win-MediaFoundation: 216162199b28c13a410421893ffa2e32 -> 
  custom:video-decoder-ogg-theora: a1e56fd34408186e4bbccfd4996cb3dc -> 
  custom:container-muxer-webm: aa71ff27fc2769a1b78a27578f13a17b -> 
  custom:container-demuxer-webm: 4f35f7cbe854078d1ac9338744f61a02 -> 
  custom:container-demuxer-ogg: 62fdf1f143b41e24485cea50d1cbac27 -> 
  custom:video-encoder-webm-vp8: eb34c28f22e8b96e1ab97ce403110664 -> 
  custom:video-codec-MediaFoundation-h265: 746d11721c4dcdbdad8f713fa42b33f4 -> 
  custom:video-decoder-webm-vp8: 9c59270c3fd7afecdb556c50c9e8de78 -> 
  custom:audio-decoder-ogg-vorbis: bf7c407c2cedff20999df2af8eb42d56 -> 
  custom:audio-encoder-webm-vorbis: bf7c407c2cedff20999df2af8eb42d56 -> 
========================================================================
Received Prepare
Registering precompiled user dll's ...
Registered in 0.002339 seconds.
Begin MonoManager ReloadAssembly
Native extension for WindowsStandalone target not found
Refreshing native plugins compatible for Editor in 0.49 ms, found 3 plugins.
Preloading 0 native plugins for Editor in 0.00 ms.
Mono: successfully reloaded assembly
- Completed reload, in  0.825 seconds
Domain Reload Profiling:
	ReloadAssembly (825ms)
		BeginReloadAssembly (95ms)
			ExecutionOrderSort (0ms)
			DisableScriptedObjects (5ms)
			BackupInstance (0ms)
			ReleaseScriptingObjects (0ms)
			CreateAndSetChildDomain (29ms)
		EndReloadAssembly (680ms)
			LoadAssemblies (72ms)
			RebuildTransferFunctionScriptingTraits (0ms)
			SetupTypeCache (222ms)
			ReleaseScriptCaches (1ms)
			RebuildScriptCaches (34ms)
			SetupLoadedEditorAssemblies (274ms)
				LogAssemblyErrors (0ms)
				InitializePlatformSupportModulesInManaged (4ms)
				SetLoadedEditorAssemblies (0ms)
				RefreshPlugins (1ms)
				BeforeProcessingInitializeOnLoad (59ms)
				ProcessInitializeOnLoadAttributes (204ms)
				ProcessInitializeOnLoadMethodAttributes (4ms)
				AfterProcessingInitializeOnLoad (2ms)
				EditorAssembliesLoaded (0ms)
			ExecutionOrderSort2 (0ms)
			AwakeInstancesAfterBackupRestoration (8ms)
Platform modules already initialized, skipping
Refreshing native plugins compatible for Editor in 0.45 ms, found 3 plugins.
Preloading 0 native plugins for Editor in 0.00 ms.
Unloading 2082 Unused Serialized files (Serialized files now loaded: 0)
System memory in use before: 92.8 MB.
System memory in use after: 92.9 MB.

Unloading 16 unused Assets to reduce memory usage. Loaded Objects now: 2544.
Total: 2.951300 ms (FindLiveObjects: 0.204700 ms CreateObjectMapping: 0.047400 ms MarkObjects: 2.676700 ms  DeleteObjects: 0.021500 ms)

AssetImportParameters requested are different than current active one (requested -> active):
  custom:framework-win-MediaFoundation: 216162199b28c13a410421893ffa2e32 -> 
  custom:video-decoder-ogg-theora: a1e56fd34408186e4bbccfd4996cb3dc -> 
  custom:container-muxer-webm: aa71ff27fc2769a1b78a27578f13a17b -> 
  custom:container-demuxer-webm: 4f35f7cbe854078d1ac9338744f61a02 -> 
  custom:container-demuxer-ogg: 62fdf1f143b41e24485cea50d1cbac27 -> 
  custom:video-encoder-webm-vp8: eb34c28f22e8b96e1ab97ce403110664 -> 
  custom:video-codec-MediaFoundation-h265: 746d11721c4dcdbdad8f713fa42b33f4 -> 
  custom:video-decoder-webm-vp8: 9c59270c3fd7afecdb556c50c9e8de78 -> 
  custom:audio-decoder-ogg-vorbis: bf7c407c2cedff20999df2af8eb42d56 -> 
  custom:audio-encoder-webm-vorbis: bf7c407c2cedff20999df2af8eb42d56 -> 
========================================================================
Received Import Request.
  Time since last request: 341.390200 seconds.
  path: Assets/Scripts/PlayerPath.cs
  artifactKey: Guid(21af2339a9ca5554289c51b32ea0004e) Importer(815301076,1909f56bfc062723c751e8b465ee728b)
Start importing Assets/Scripts/PlayerPath.cs using Guid(21af2339a9ca5554289c51b32ea0004e) Importer(815301076,1909f56bfc062723c751e8b465ee728b)  -> (artifact id: 'f6c462a185200aaa5251f73404b9f2c6') in 0.008255 seconds 
  Import took 0.011412 seconds .

========================================================================
Received Prepare
Registering precompiled user dll's ...
Registered in 0.002242 seconds.
Begin MonoManager ReloadAssembly
Native extension for WindowsStandalone target not found
Refreshing native plugins compatible for Editor in 0.56 ms, found 3 plugins.
Preloading 0 native plugins for Editor in 0.00 ms.
Mono: successfully reloaded assembly
- Completed reload, in  0.855 seconds
Domain Reload Profiling:
	ReloadAssembly (855ms)
		BeginReloadAssembly (91ms)
			ExecutionOrderSort (0ms)
			DisableScriptedObjects (6ms)
			BackupInstance (0ms)
			ReleaseScriptingObjects (0ms)
			CreateAndSetChildDomain (30ms)
		EndReloadAssembly (716ms)
			LoadAssemblies (68ms)
			RebuildTransferFunctionScriptingTraits (0ms)
			SetupTypeCache (231ms)
			ReleaseScriptCaches (1ms)
			RebuildScriptCaches (36ms)
			SetupLoadedEditorAssemblies (297ms)
				LogAssemblyErrors (0ms)
				InitializePlatformSupportModulesInManaged (4ms)
				SetLoadedEditorAssemblies (0ms)
				RefreshPlugins (1ms)
				BeforeProcessingInitializeOnLoad (63ms)
				ProcessInitializeOnLoadAttributes (223ms)
				ProcessInitializeOnLoadMethodAttributes (5ms)
				AfterProcessingInitializeOnLoad (2ms)
				EditorAssembliesLoaded (0ms)
			ExecutionOrderSort2 (0ms)
			AwakeInstancesAfterBackupRestoration (8ms)
Platform modules already initialized, skipping
Refreshing native plugins compatible for Editor in 0.46 ms, found 3 plugins.
Preloading 0 native plugins for Editor in 0.00 ms.
Unloading 2083 Unused Serialized files (Serialized files now loaded: 0)
System memory in use before: 92.8 MB.
System memory in use after: 92.9 MB.

Unloading 16 unused Assets to reduce memory usage. Loaded Objects now: 2548.
Total: 3.255700 ms (FindLiveObjects: 0.199200 ms CreateObjectMapping: 0.045800 ms MarkObjects: 2.988700 ms  DeleteObjects: 0.020800 ms)

AssetImportParameters requested are different than current active one (requested -> active):
  custom:framework-win-MediaFoundation: 216162199b28c13a410421893ffa2e32 -> 
  custom:video-decoder-ogg-theora: a1e56fd34408186e4bbccfd4996cb3dc -> 
  custom:container-muxer-webm: aa71ff27fc2769a1b78a27578f13a17b -> 
  custom:container-demuxer-webm: 4f35f7cbe854078d1ac9338744f61a02 -> 
  custom:container-demuxer-ogg: 62fdf1f143b41e24485cea50d1cbac27 -> 
  custom:video-encoder-webm-vp8: eb34c28f22e8b96e1ab97ce403110664 -> 
  custom:video-codec-MediaFoundation-h265: 746d11721c4dcdbdad8f713fa42b33f4 -> 
  custom:video-decoder-webm-vp8: 9c59270c3fd7afecdb556c50c9e8de78 -> 
  custom:audio-decoder-ogg-vorbis: bf7c407c2cedff20999df2af8eb42d56 -> 
  custom:audio-encoder-webm-vorbis: bf7c407c2cedff20999df2af8eb42d56 -> 
========================================================================
Received Prepare
Registering precompiled user dll's ...
Registered in 0.002418 seconds.
Begin MonoManager ReloadAssembly
Native extension for WindowsStandalone target not found
Refreshing native plugins compatible for Editor in 0.50 ms, found 3 plugins.
Preloading 0 native plugins for Editor in 0.00 ms.
Mono: successfully reloaded assembly
- Completed reload, in  0.839 seconds
Domain Reload Profiling:
	ReloadAssembly (839ms)
		BeginReloadAssembly (97ms)
			ExecutionOrderSort (0ms)
			DisableScriptedObjects (5ms)
			BackupInstance (0ms)
			ReleaseScriptingObjects (0ms)
			CreateAndSetChildDomain (29ms)
		EndReloadAssembly (693ms)
			LoadAssemblies (67ms)
			RebuildTransferFunctionScriptingTraits (0ms)
			SetupTypeCache (225ms)
			ReleaseScriptCaches (1ms)
			RebuildScriptCaches (36ms)
			SetupLoadedEditorAssemblies (283ms)
				LogAssemblyErrors (0ms)
				InitializePlatformSupportModulesInManaged (4ms)
				SetLoadedEditorAssemblies (0ms)
				RefreshPlugins (1ms)
				BeforeProcessingInitializeOnLoad (60ms)
				ProcessInitializeOnLoadAttributes (211ms)
				ProcessInitializeOnLoadMethodAttributes (4ms)
				AfterProcessingInitializeOnLoad (2ms)
				EditorAssembliesLoaded (0ms)
			ExecutionOrderSort2 (0ms)
			AwakeInstancesAfterBackupRestoration (8ms)
Platform modules already initialized, skipping
Refreshing native plugins compatible for Editor in 0.48 ms, found 3 plugins.
Preloading 0 native plugins for Editor in 0.00 ms.
Unloading 2083 Unused Serialized files (Serialized files now loaded: 0)
System memory in use before: 92.8 MB.
System memory in use after: 93.0 MB.

Unloading 16 unused Assets to reduce memory usage. Loaded Objects now: 2551.
Total: 3.323300 ms (FindLiveObjects: 0.221200 ms CreateObjectMapping: 0.051500 ms MarkObjects: 3.020600 ms  DeleteObjects: 0.028400 ms)

AssetImportParameters requested are different than current active one (requested -> active):
  custom:framework-win-MediaFoundation: 216162199b28c13a410421893ffa2e32 -> 
  custom:video-decoder-ogg-theora: a1e56fd34408186e4bbccfd4996cb3dc -> 
  custom:container-muxer-webm: aa71ff27fc2769a1b78a27578f13a17b -> 
  custom:container-demuxer-webm: 4f35f7cbe854078d1ac9338744f61a02 -> 
  custom:container-demuxer-ogg: 62fdf1f143b41e24485cea50d1cbac27 -> 
  custom:video-encoder-webm-vp8: eb34c28f22e8b96e1ab97ce403110664 -> 
  custom:video-codec-MediaFoundation-h265: 746d11721c4dcdbdad8f713fa42b33f4 -> 
  custom:video-decoder-webm-vp8: 9c59270c3fd7afecdb556c50c9e8de78 -> 
  custom:audio-decoder-ogg-vorbis: bf7c407c2cedff20999df2af8eb42d56 -> 
  custom:audio-encoder-webm-vorbis: bf7c407c2cedff20999df2af8eb42d56 -> 
========================================================================
Received Import Request.
  Time since last request: 1401.272594 seconds.
  path: Assets/Scripts/PlayerPath.cs
  artifactKey: Guid(21af2339a9ca5554289c51b32ea0004e) Importer(815301076,1909f56bfc062723c751e8b465ee728b)
Start importing Assets/Scripts/PlayerPath.cs using Guid(21af2339a9ca5554289c51b32ea0004e) Importer(815301076,1909f56bfc062723c751e8b465ee728b)  -> (artifact id: '36c683a79680606c88b0d206c94103db') in 0.004351 seconds 
  Import took 0.007071 seconds .

AssetImportWorkerClient::OnTransportError - code=2 error=End of file
