Using pre-set license
Built from '2020.3/staging' branch; Version is '2020.3.17f1 (a4537701e4ab) revision 10769271'; Using compiler version '192528614'; Build Type 'Release'
OS: 'Windows 10 Home; OS build 19043.1348; Version 2009; 64bit' Language: 'en' Physical Memory: 32653 MB
BatchMode: 1, IsHumanControllingUs: 0, StartBugReporterOnCrash: 0, Is64bit: 1, IsPro: 0

COMMAND LINE ARGUMENTS:
C:\Program Files\Unity\Hub\Editor\2020.3.17f1\Editor\Unity.exe
-adb2
-batchMode
-noUpm
-name
AssetImportWorker0
-projectPath
C:/Users/kcara/git/CS3012/Animation_CS/Animation
-logFile
Logs/AssetImportWorker0.log
-srvPort
59940
Successfully changed project path to: C:/Users/kcara/git/CS3012/Animation_CS/Animation
C:/Users/kcara/git/CS3012/Animation_CS/Animation
Using Asset Import Pipeline V2.
Refreshing native plugins compatible for Editor in 62.39 ms, found 3 plugins.
Preloading 0 native plugins for Editor in 0.00 ms.
Initialize engine version: 2020.3.17f1 (a4537701e4ab)
[Subsystems] Discovering subsystems at path C:/Program Files/Unity/Hub/Editor/2020.3.17f1/Editor/Data/Resources/UnitySubsystems
[Subsystems] Discovering subsystems at path C:/Users/kcara/git/CS3012/Animation_CS/Animation/Assets
GfxDevice: creating device client; threaded=0
Direct3D:
    Version:  Direct3D 11.0 [level 11.1]
    Renderer: NVIDIA GeForce GTX 1060 (ID=0x1c20)
    Vendor:   
    VRAM:     6052 MB
    Driver:   30.0.14.7111
Initialize mono
Mono path[0] = 'C:/Program Files/Unity/Hub/Editor/2020.3.17f1/Editor/Data/Managed'
Mono path[1] = 'C:/Program Files/Unity/Hub/Editor/2020.3.17f1/Editor/Data/MonoBleedingEdge/lib/mono/unityjit'
Mono config path = 'C:/Program Files/Unity/Hub/Editor/2020.3.17f1/Editor/Data/MonoBleedingEdge/etc'
Using monoOptions --debugger-agent=transport=dt_socket,embedding=1,server=y,suspend=n,address=127.0.0.1:56960
Begin MonoManager ReloadAssembly
Registering precompiled unity dll's ...
Register platform support module: C:/Program Files/Unity/Hub/Editor/2020.3.17f1/Editor/Data/PlaybackEngines/MacStandaloneSupport/UnityEditor.OSXStandalone.Extensions.dll
Register platform support module: C:/Program Files/Unity/Hub/Editor/2020.3.17f1/Editor/Data/PlaybackEngines/WindowsStandaloneSupport/UnityEditor.WindowsStandalone.Extensions.dll
Register platform support module: C:/Program Files/Unity/Hub/Editor/2020.3.17f1/Editor/Data/PlaybackEngines/LinuxStandaloneSupport/UnityEditor.LinuxStandalone.Extensions.dll
Registered in 0.004191 seconds.
Native extension for LinuxStandalone target not found
Native extension for WindowsStandalone target not found
Native extension for OSXStandalone target not found
Refreshing native plugins compatible for Editor in 60.75 ms, found 3 plugins.
Preloading 0 native plugins for Editor in 0.00 ms.
Mono: successfully reloaded assembly
- Completed reload, in  2.825 seconds
Domain Reload Profiling:
	ReloadAssembly (2825ms)
		BeginReloadAssembly (75ms)
			ExecutionOrderSort (0ms)
			DisableScriptedObjects (0ms)
			BackupInstance (0ms)
			ReleaseScriptingObjects (0ms)
			CreateAndSetChildDomain (1ms)
		EndReloadAssembly (600ms)
			LoadAssemblies (73ms)
			RebuildTransferFunctionScriptingTraits (0ms)
			SetupTypeCache (226ms)
			ReleaseScriptCaches (0ms)
			RebuildScriptCaches (46ms)
			SetupLoadedEditorAssemblies (231ms)
				LogAssemblyErrors (0ms)
				InitializePlatformSupportModulesInManaged (9ms)
				SetLoadedEditorAssemblies (0ms)
				RefreshPlugins (61ms)
				BeforeProcessingInitializeOnLoad (18ms)
				ProcessInitializeOnLoadAttributes (107ms)
				ProcessInitializeOnLoadMethodAttributes (37ms)
				AfterProcessingInitializeOnLoad (0ms)
				EditorAssembliesLoaded (0ms)
			ExecutionOrderSort2 (0ms)
			AwakeInstancesAfterBackupRestoration (0ms)
Platform modules already initialized, skipping
Registering precompiled user dll's ...
Registered in 0.004884 seconds.
Begin MonoManager ReloadAssembly
Native extension for LinuxStandalone target not found
Native extension for WindowsStandalone target not found
Native extension for OSXStandalone target not found
Refreshing native plugins compatible for Editor in 60.33 ms, found 3 plugins.
Preloading 0 native plugins for Editor in 0.00 ms.
Mono: successfully reloaded assembly
- Completed reload, in  1.643 seconds
Domain Reload Profiling:
	ReloadAssembly (1644ms)
		BeginReloadAssembly (211ms)
			ExecutionOrderSort (0ms)
			DisableScriptedObjects (6ms)
			BackupInstance (0ms)
			ReleaseScriptingObjects (0ms)
			CreateAndSetChildDomain (23ms)
		EndReloadAssembly (1340ms)
			LoadAssemblies (124ms)
			RebuildTransferFunctionScriptingTraits (0ms)
			SetupTypeCache (452ms)
			ReleaseScriptCaches (1ms)
			RebuildScriptCaches (84ms)
			SetupLoadedEditorAssemblies (473ms)
				LogAssemblyErrors (0ms)
				InitializePlatformSupportModulesInManaged (8ms)
				SetLoadedEditorAssemblies (0ms)
				RefreshPlugins (60ms)
				BeforeProcessingInitializeOnLoad (114ms)
				ProcessInitializeOnLoadAttributes (263ms)
				ProcessInitializeOnLoadMethodAttributes (17ms)
				AfterProcessingInitializeOnLoad (10ms)
				EditorAssembliesLoaded (0ms)
			ExecutionOrderSort2 (0ms)
			AwakeInstancesAfterBackupRestoration (9ms)
Platform modules already initialized, skipping
========================================================================
Worker process is ready to serve import requests
Launched and connected shader compiler UnityShaderCompiler.exe after 0.14 seconds
Refreshing native plugins compatible for Editor in 0.66 ms, found 3 plugins.
Preloading 0 native plugins for Editor in 0.00 ms.
Unloading 2098 Unused Serialized files (Serialized files now loaded: 0)
System memory in use before: 93.2 MB.
System memory in use after: 93.3 MB.

Unloading 26 unused Assets to reduce memory usage. Loaded Objects now: 2537.
Total: 3.730300 ms (FindLiveObjects: 0.258800 ms CreateObjectMapping: 0.104700 ms MarkObjects: 3.287300 ms  DeleteObjects: 0.078300 ms)

AssetImportParameters requested are different than current active one (requested -> active):
  custom:framework-win-MediaFoundation: 216162199b28c13a410421893ffa2e32 -> 
  custom:video-decoder-ogg-theora: a1e56fd34408186e4bbccfd4996cb3dc -> 
  custom:container-muxer-webm: aa71ff27fc2769a1b78a27578f13a17b -> 
  custom:container-demuxer-webm: 4f35f7cbe854078d1ac9338744f61a02 -> 
  custom:container-demuxer-ogg: 62fdf1f143b41e24485cea50d1cbac27 -> 
  custom:video-encoder-webm-vp8: eb34c28f22e8b96e1ab97ce403110664 -> 
  custom:video-decoder-webm-vp8: 9c59270c3fd7afecdb556c50c9e8de78 -> 
  custom:audio-decoder-ogg-vorbis: bf7c407c2cedff20999df2af8eb42d56 -> 
  custom:audio-encoder-webm-vorbis: bf7c407c2cedff20999df2af8eb42d56 -> 
========================================================================
Received Import Request.
  path: Assets/Animation/Player/Player Controller.controller
  artifactKey: Guid(fbd6a7ed0fee2f54a979b1eef687db10) Importer(815301076,1909f56bfc062723c751e8b465ee728b)
Start importing Assets/Animation/Player/Player Controller.controller using Guid(fbd6a7ed0fee2f54a979b1eef687db10) Importer(815301076,1909f56bfc062723c751e8b465ee728b)  -> (artifact id: '97a1092b04de3ea63c28e02ef448223c') in 0.049645 seconds 
  Import took 0.054286 seconds .

========================================================================
Received Import Request.
  Time since last request: 0.000228 seconds.
  path: Assets/Animation/Player
  artifactKey: Guid(ca8e304e6da54e547acf3563008e5137) Importer(815301076,1909f56bfc062723c751e8b465ee728b)
Start importing Assets/Animation/Player using Guid(ca8e304e6da54e547acf3563008e5137) Importer(815301076,1909f56bfc062723c751e8b465ee728b)  -> (artifact id: '20cda5489f9aff5c33076600c597f68a') in 0.007784 seconds 
  Import took 0.012476 seconds .

========================================================================
Received Import Request.
  Time since last request: 13.852243 seconds.
  path: Assets/Scenes/SampleScene.unity
  artifactKey: Guid(2cda990e2423bbf4892e6590ba056729) Importer(815301076,1909f56bfc062723c751e8b465ee728b)
Start importing Assets/Scenes/SampleScene.unity using Guid(2cda990e2423bbf4892e6590ba056729) Importer(815301076,1909f56bfc062723c751e8b465ee728b)  -> (artifact id: 'f9e8c094b882a64c69903d8548b141bc') in 0.008556 seconds 
  Import took 0.013240 seconds .

========================================================================
Received Import Request.
  Time since last request: 57.889772 seconds.
  path: Assets/Animation/Player/Player Blend Tree Controller.controller
  artifactKey: Guid(807827ca445920d4fb2cd387387b914b) Importer(815301076,1909f56bfc062723c751e8b465ee728b)
Start importing Assets/Animation/Player/Player Blend Tree Controller.controller using Guid(807827ca445920d4fb2cd387387b914b) Importer(815301076,1909f56bfc062723c751e8b465ee728b)  -> (artifact id: 'fcfd4b8728ac67c510415b815c4f6630') in 0.009239 seconds 
  Import took 0.014117 seconds .

========================================================================
Received Prepare
Registering precompiled user dll's ...
Registered in 0.004751 seconds.
Begin MonoManager ReloadAssembly
Native extension for LinuxStandalone target not found
Native extension for WindowsStandalone target not found
Native extension for OSXStandalone target not found
Refreshing native plugins compatible for Editor in 0.67 ms, found 3 plugins.
Preloading 0 native plugins for Editor in 0.00 ms.
Mono: successfully reloaded assembly
- Completed reload, in  1.440 seconds
Domain Reload Profiling:
	ReloadAssembly (1441ms)
		BeginReloadAssembly (164ms)
			ExecutionOrderSort (0ms)
			DisableScriptedObjects (9ms)
			BackupInstance (0ms)
			ReleaseScriptingObjects (0ms)
			CreateAndSetChildDomain (47ms)
		EndReloadAssembly (1184ms)
			LoadAssemblies (123ms)
			RebuildTransferFunctionScriptingTraits (0ms)
			SetupTypeCache (437ms)
			ReleaseScriptCaches (1ms)
			RebuildScriptCaches (66ms)
			SetupLoadedEditorAssemblies (403ms)
				LogAssemblyErrors (0ms)
				InitializePlatformSupportModulesInManaged (10ms)
				SetLoadedEditorAssemblies (1ms)
				RefreshPlugins (1ms)
				BeforeProcessingInitializeOnLoad (116ms)
				ProcessInitializeOnLoadAttributes (260ms)
				ProcessInitializeOnLoadMethodAttributes (7ms)
				AfterProcessingInitializeOnLoad (10ms)
				EditorAssembliesLoaded (0ms)
			ExecutionOrderSort2 (0ms)
			AwakeInstancesAfterBackupRestoration (14ms)
Platform modules already initialized, skipping
Refreshing native plugins compatible for Editor in 0.67 ms, found 3 plugins.
Preloading 0 native plugins for Editor in 0.00 ms.
Unloading 2088 Unused Serialized files (Serialized files now loaded: 0)
System memory in use before: 92.7 MB.
System memory in use after: 92.8 MB.

Unloading 14 unused Assets to reduce memory usage. Loaded Objects now: 2540.
Total: 4.037400 ms (FindLiveObjects: 0.345100 ms CreateObjectMapping: 0.116300 ms MarkObjects: 3.555000 ms  DeleteObjects: 0.020000 ms)

AssetImportParameters requested are different than current active one (requested -> active):
  custom:framework-win-MediaFoundation: 216162199b28c13a410421893ffa2e32 -> 
  custom:video-decoder-ogg-theora: a1e56fd34408186e4bbccfd4996cb3dc -> 
  custom:container-muxer-webm: aa71ff27fc2769a1b78a27578f13a17b -> 
  custom:container-demuxer-webm: 4f35f7cbe854078d1ac9338744f61a02 -> 
  custom:container-demuxer-ogg: 62fdf1f143b41e24485cea50d1cbac27 -> 
  custom:video-encoder-webm-vp8: eb34c28f22e8b96e1ab97ce403110664 -> 
  custom:video-decoder-webm-vp8: 9c59270c3fd7afecdb556c50c9e8de78 -> 
  custom:audio-decoder-ogg-vorbis: bf7c407c2cedff20999df2af8eb42d56 -> 
  custom:audio-encoder-webm-vorbis: bf7c407c2cedff20999df2af8eb42d56 -> 
========================================================================
Received Import Request.
  Time since last request: 146.887675 seconds.
  path: Assets/Animation/Player/Running Left.anim
  artifactKey: Guid(cdde6e770e2e6cb47a284a39503229f3) Importer(815301076,1909f56bfc062723c751e8b465ee728b)
Start importing Assets/Animation/Player/Running Left.anim using Guid(cdde6e770e2e6cb47a284a39503229f3) Importer(815301076,1909f56bfc062723c751e8b465ee728b)  -> (artifact id: '2349f1e634d2d4a437dd071c4149c86f') in 0.024323 seconds 
  Import took 0.028921 seconds .

========================================================================
Received Import Request.
  Time since last request: 3.028193 seconds.
  path: Assets/Animation/Player/Running Right.anim
  artifactKey: Guid(49dc66a0bb648f94c899c1d3546f48a4) Importer(815301076,1909f56bfc062723c751e8b465ee728b)
Start importing Assets/Animation/Player/Running Right.anim using Guid(49dc66a0bb648f94c899c1d3546f48a4) Importer(815301076,1909f56bfc062723c751e8b465ee728b)  -> (artifact id: 'f368ba6c75a422f26d871d20d41519b9') in 0.009733 seconds 
  Import took 0.014861 seconds .

========================================================================
Received Import Request.
  Time since last request: 6.533670 seconds.
  path: Assets/Animation/Character/Character Controller.controller
  artifactKey: Guid(f33467ae534611c49947c6dfe02b9eb1) Importer(815301076,1909f56bfc062723c751e8b465ee728b)
Start importing Assets/Animation/Character/Character Controller.controller using Guid(f33467ae534611c49947c6dfe02b9eb1) Importer(815301076,1909f56bfc062723c751e8b465ee728b)  -> (artifact id: 'f8e35de54899298d5634f11da715e5e8') in 0.012552 seconds 
  Import took 0.017401 seconds .

========================================================================
Received Import Request.
  Time since last request: 15.128643 seconds.
  path: Assets/Animation/Character/Walking Up.anim
  artifactKey: Guid(b1085bbb4cc160f48916ee3c55a2651f) Importer(815301076,1909f56bfc062723c751e8b465ee728b)
Start importing Assets/Animation/Character/Walking Up.anim using Guid(b1085bbb4cc160f48916ee3c55a2651f) Importer(815301076,1909f56bfc062723c751e8b465ee728b)  -> (artifact id: 'e5426a448500d48aa31317a0d3bfb2f9') in 0.008560 seconds 
  Import took 0.013028 seconds .

========================================================================
Received Import Request.
  Time since last request: 16.708027 seconds.
  path: Assets/Animation/Character/Walking Down.anim
  artifactKey: Guid(91c9aa90d17fde7428f4f2a4d2c1316d) Importer(815301076,1909f56bfc062723c751e8b465ee728b)
Start importing Assets/Animation/Character/Walking Down.anim using Guid(91c9aa90d17fde7428f4f2a4d2c1316d) Importer(815301076,1909f56bfc062723c751e8b465ee728b)  -> (artifact id: '0a8894a19d120142636d39b81acce1cb') in 0.009315 seconds 
  Import took 0.013857 seconds .

========================================================================
Received Import Request.
  Time since last request: 142.591344 seconds.
  path: Assets/Scripts/Player.cs
  artifactKey: Guid(03028fb4b54e7d74ab526fc430c81a25) Importer(815301076,1909f56bfc062723c751e8b465ee728b)
Start importing Assets/Scripts/Player.cs using Guid(03028fb4b54e7d74ab526fc430c81a25) Importer(815301076,1909f56bfc062723c751e8b465ee728b)  -> (artifact id: '2759b793904a499e5606551c9fb1bdad') in 0.009702 seconds 
  Import took 0.014585 seconds .

========================================================================
Received Import Request.
  Time since last request: 244.379256 seconds.
  path: Assets/Scripts/Character.cs
  artifactKey: Guid(1d3814e206da8cc478e6900345d8562e) Importer(815301076,1909f56bfc062723c751e8b465ee728b)
Start importing Assets/Scripts/Character.cs using Guid(1d3814e206da8cc478e6900345d8562e) Importer(815301076,1909f56bfc062723c751e8b465ee728b)  -> (artifact id: '92da85e22b2695b4fcc28cdf55fc2bcf') in 0.009770 seconds 
  Import took 0.014506 seconds .

========================================================================
Received Import Request.
  Time since last request: 0.027996 seconds.
  path: Assets/Scripts/Character.cs
  artifactKey: Guid(1d3814e206da8cc478e6900345d8562e) Importer(815301076,1909f56bfc062723c751e8b465ee728b)
Start importing Assets/Scripts/Character.cs using Guid(1d3814e206da8cc478e6900345d8562e) Importer(815301076,1909f56bfc062723c751e8b465ee728b)  -> (artifact id: '92da85e22b2695b4fcc28cdf55fc2bcf') in 0.003614 seconds 
  Import took 0.008476 seconds .

========================================================================
Received Import Request.
  Time since last request: 404.588733 seconds.
  path: Assets/Animation/Character/Walking Left.anim
  artifactKey: Guid(a5eaec82c1047414086c2f4cb0dac614) Importer(815301076,1909f56bfc062723c751e8b465ee728b)
Start importing Assets/Animation/Character/Walking Left.anim using Guid(a5eaec82c1047414086c2f4cb0dac614) Importer(815301076,1909f56bfc062723c751e8b465ee728b)  -> (artifact id: 'd1d27d185d924d672bca3112121943b8') in 0.010164 seconds 
  Import took 0.015555 seconds .

========================================================================
Received Import Request.
  Time since last request: 2942.840830 seconds.
  path: Assets/Animation/Character/Walking Right.anim
  artifactKey: Guid(080a362fad8f9e743b0ef0cc0cc0c460) Importer(815301076,1909f56bfc062723c751e8b465ee728b)
Start importing Assets/Animation/Character/Walking Right.anim using Guid(080a362fad8f9e743b0ef0cc0cc0c460) Importer(815301076,1909f56bfc062723c751e8b465ee728b)  -> (artifact id: '76abf07ac4f78c27ddc5f11cf2460d49') in 0.009005 seconds 
  Import took 0.014215 seconds .

AssetImportWorkerClient::OnTransportError - code=2 error=End of file
