Using pre-set license
Built from '2020.3/staging' branch; Version is '2020.3.17f1 (a4537701e4ab) revision 10769271'; Using compiler version '192528614'; Build Type 'Release'
OS: 'Windows 10 Home; OS build 19043.1237; Version 2009; 64bit' Language: 'en' Physical Memory: 32653 MB
BatchMode: 1, IsHumanControllingUs: 0, StartBugReporterOnCrash: 0, Is64bit: 1, IsPro: 0

COMMAND LINE ARGUMENTS:
C:\Program Files\Unity\Hub\Editor\2020.3.17f1\Editor\Unity.exe
-adb2
-batchMode
-noUpm
-name
AssetImportWorker0
-projectPath
C:/Users/kcara/git/Animation
-logFile
Logs/AssetImportWorker0.log
-srvPort
49766
Successfully changed project path to: C:/Users/kcara/git/Animation
C:/Users/kcara/git/Animation
Using Asset Import Pipeline V2.
Refreshing native plugins compatible for Editor in 72.65 ms, found 3 plugins.
Preloading 0 native plugins for Editor in 0.00 ms.
Initialize engine version: 2020.3.17f1 (a4537701e4ab)
[Subsystems] Discovering subsystems at path C:/Program Files/Unity/Hub/Editor/2020.3.17f1/Editor/Data/Resources/UnitySubsystems
[Subsystems] Discovering subsystems at path C:/Users/kcara/git/Animation/Assets
GfxDevice: creating device client; threaded=0
Direct3D:
    Version:  Direct3D 11.0 [level 11.1]
    Renderer: NVIDIA GeForce GTX 1060 (ID=0x1c20)
    Vendor:   
    VRAM:     6052 MB
    Driver:   30.0.14.7111
Initialize mono
Mono path[0] = 'C:/Program Files/Unity/Hub/Editor/2020.3.17f1/Editor/Data/Managed'
Mono path[1] = 'C:/Program Files/Unity/Hub/Editor/2020.3.17f1/Editor/Data/MonoBleedingEdge/lib/mono/unityjit'
Mono config path = 'C:/Program Files/Unity/Hub/Editor/2020.3.17f1/Editor/Data/MonoBleedingEdge/etc'
Using monoOptions --debugger-agent=transport=dt_socket,embedding=1,server=y,suspend=n,address=127.0.0.1:56088
Begin MonoManager ReloadAssembly
Registering precompiled unity dll's ...
Register platform support module: C:/Program Files/Unity/Hub/Editor/2020.3.17f1/Editor/Data/PlaybackEngines/MacStandaloneSupport/UnityEditor.OSXStandalone.Extensions.dll
Register platform support module: C:/Program Files/Unity/Hub/Editor/2020.3.17f1/Editor/Data/PlaybackEngines/WindowsStandaloneSupport/UnityEditor.WindowsStandalone.Extensions.dll
Register platform support module: C:/Program Files/Unity/Hub/Editor/2020.3.17f1/Editor/Data/PlaybackEngines/LinuxStandaloneSupport/UnityEditor.LinuxStandalone.Extensions.dll
Registered in 0.004799 seconds.
Native extension for LinuxStandalone target not found
Native extension for WindowsStandalone target not found
Native extension for OSXStandalone target not found
Refreshing native plugins compatible for Editor in 70.24 ms, found 3 plugins.
Preloading 0 native plugins for Editor in 0.00 ms.
Mono: successfully reloaded assembly
- Completed reload, in  3.024 seconds
Domain Reload Profiling:
	ReloadAssembly (3024ms)
		BeginReloadAssembly (74ms)
			ExecutionOrderSort (0ms)
			DisableScriptedObjects (0ms)
			BackupInstance (0ms)
			ReleaseScriptingObjects (0ms)
			CreateAndSetChildDomain (1ms)
		EndReloadAssembly (707ms)
			LoadAssemblies (72ms)
			RebuildTransferFunctionScriptingTraits (0ms)
			SetupTypeCache (264ms)
			ReleaseScriptCaches (0ms)
			RebuildScriptCaches (54ms)
			SetupLoadedEditorAssemblies (274ms)
				LogAssemblyErrors (0ms)
				InitializePlatformSupportModulesInManaged (9ms)
				SetLoadedEditorAssemblies (0ms)
				RefreshPlugins (70ms)
				BeforeProcessingInitializeOnLoad (25ms)
				ProcessInitializeOnLoadAttributes (125ms)
				ProcessInitializeOnLoadMethodAttributes (45ms)
				AfterProcessingInitializeOnLoad (0ms)
				EditorAssembliesLoaded (0ms)
			ExecutionOrderSort2 (0ms)
			AwakeInstancesAfterBackupRestoration (0ms)
Platform modules already initialized, skipping
Registering precompiled user dll's ...
Registered in 0.007992 seconds.
Begin MonoManager ReloadAssembly
Native extension for LinuxStandalone target not found
Native extension for WindowsStandalone target not found
Native extension for OSXStandalone target not found
Refreshing native plugins compatible for Editor in 68.23 ms, found 3 plugins.
Preloading 0 native plugins for Editor in 0.00 ms.
Mono: successfully reloaded assembly
- Completed reload, in  2.022 seconds
Domain Reload Profiling:
	ReloadAssembly (2023ms)
		BeginReloadAssembly (258ms)
			ExecutionOrderSort (0ms)
			DisableScriptedObjects (7ms)
			BackupInstance (0ms)
			ReleaseScriptingObjects (0ms)
			CreateAndSetChildDomain (27ms)
		EndReloadAssembly (1660ms)
			LoadAssemblies (151ms)
			RebuildTransferFunctionScriptingTraits (0ms)
			SetupTypeCache (515ms)
			ReleaseScriptCaches (1ms)
			RebuildScriptCaches (94ms)
			SetupLoadedEditorAssemblies (673ms)
				LogAssemblyErrors (0ms)
				InitializePlatformSupportModulesInManaged (10ms)
				SetLoadedEditorAssemblies (0ms)
				RefreshPlugins (68ms)
				BeforeProcessingInitializeOnLoad (131ms)
				ProcessInitializeOnLoadAttributes (433ms)
				ProcessInitializeOnLoadMethodAttributes (18ms)
				AfterProcessingInitializeOnLoad (12ms)
				EditorAssembliesLoaded (0ms)
			ExecutionOrderSort2 (0ms)
			AwakeInstancesAfterBackupRestoration (14ms)
Platform modules already initialized, skipping
========================================================================
Worker process is ready to serve import requests
Launched and connected shader compiler UnityShaderCompiler.exe after 0.20 seconds
Refreshing native plugins compatible for Editor in 0.79 ms, found 3 plugins.
Preloading 0 native plugins for Editor in 0.00 ms.
Unloading 2091 Unused Serialized files (Serialized files now loaded: 0)
System memory in use before: 93.0 MB.
System memory in use after: 93.1 MB.

Unloading 28 unused Assets to reduce memory usage. Loaded Objects now: 2528.
Total: 4.969500 ms (FindLiveObjects: 0.305400 ms CreateObjectMapping: 0.113500 ms MarkObjects: 4.449400 ms  DeleteObjects: 0.099500 ms)

AssetImportParameters requested are different than current active one (requested -> active):
  custom:framework-win-MediaFoundation: 216162199b28c13a410421893ffa2e32 -> 
  custom:video-decoder-ogg-theora: a1e56fd34408186e4bbccfd4996cb3dc -> 
  custom:container-muxer-webm: aa71ff27fc2769a1b78a27578f13a17b -> 
  custom:container-demuxer-webm: 4f35f7cbe854078d1ac9338744f61a02 -> 
  custom:container-demuxer-ogg: 62fdf1f143b41e24485cea50d1cbac27 -> 
  custom:video-encoder-webm-vp8: eb34c28f22e8b96e1ab97ce403110664 -> 
  custom:video-decoder-webm-vp8: 9c59270c3fd7afecdb556c50c9e8de78 -> 
  custom:audio-decoder-ogg-vorbis: bf7c407c2cedff20999df2af8eb42d56 -> 
  custom:audio-encoder-webm-vorbis: bf7c407c2cedff20999df2af8eb42d56 -> 
========================================================================
Received Import Request.
  path: Assets/Sprites
  artifactKey: Guid(a8adab20814a4424a8cbc871e4a86296) Importer(815301076,1909f56bfc062723c751e8b465ee728b)
Start importing Assets/Sprites using Guid(a8adab20814a4424a8cbc871e4a86296) Importer(815301076,1909f56bfc062723c751e8b465ee728b)  -> (artifact id: '9c52b394bfdf2d04ee187d6cb62485d9') in 0.014064 seconds 
  Import took 0.019266 seconds .

========================================================================
Received Import Request.
  Time since last request: 42.131434 seconds.
  path: Assets/Sprites/scottpilgrim_multiple.png
  artifactKey: Guid(536ad02dfbdd4fb4d9da1c70a332ff6d) Importer(815301076,1909f56bfc062723c751e8b465ee728b)
Start importing Assets/Sprites/scottpilgrim_multiple.png using Guid(536ad02dfbdd4fb4d9da1c70a332ff6d) Importer(815301076,1909f56bfc062723c751e8b465ee728b)  -> (artifact id: '38df697bfa8fa72d99f69e9a47c6f255') in 0.152088 seconds 
  Import took 0.157601 seconds .

========================================================================
Received Import Request.
  Time since last request: 18.814599 seconds.
  path: Assets/Sprites/scottpilgrim_multiple.png
  artifactKey: Guid(536ad02dfbdd4fb4d9da1c70a332ff6d) Importer(815301076,1909f56bfc062723c751e8b465ee728b)
Start importing Assets/Sprites/scottpilgrim_multiple.png using Guid(536ad02dfbdd4fb4d9da1c70a332ff6d) Importer(815301076,1909f56bfc062723c751e8b465ee728b)  -> (artifact id: '77325d0ae2ff47cae2e46c5aa25996b4') in 0.018265 seconds 
  Import took 0.023972 seconds .

========================================================================
Received Import Request.
  Time since last request: 0.067974 seconds.
  path: Assets/Sprites/scottpilgrim_multiple.png
  artifactKey: Guid(536ad02dfbdd4fb4d9da1c70a332ff6d) Importer(815301076,1909f56bfc062723c751e8b465ee728b)
Start importing Assets/Sprites/scottpilgrim_multiple.png using Guid(536ad02dfbdd4fb4d9da1c70a332ff6d) Importer(815301076,1909f56bfc062723c751e8b465ee728b)  -> (artifact id: '77325d0ae2ff47cae2e46c5aa25996b4') in 0.010111 seconds 
  Import took 0.015604 seconds .

========================================================================
Received Import Request.
  Time since last request: 79.940247 seconds.
  path: Assets/Sprites/scottpilgrim_multiple.png
  artifactKey: Guid(536ad02dfbdd4fb4d9da1c70a332ff6d) Importer(815301076,1909f56bfc062723c751e8b465ee728b)
Start importing Assets/Sprites/scottpilgrim_multiple.png using Guid(536ad02dfbdd4fb4d9da1c70a332ff6d) Importer(815301076,1909f56bfc062723c751e8b465ee728b)  -> (artifact id: '9b887741ffc7c6ca6b3f2990a88c27be') in 0.095078 seconds 
  Import took 0.101066 seconds .

========================================================================
Received Import Request.
  Time since last request: 0.031672 seconds.
  path: Assets/Sprites/scottpilgrim_multiple.png
  artifactKey: Guid(536ad02dfbdd4fb4d9da1c70a332ff6d) Importer(815301076,1909f56bfc062723c751e8b465ee728b)
Start importing Assets/Sprites/scottpilgrim_multiple.png using Guid(536ad02dfbdd4fb4d9da1c70a332ff6d) Importer(815301076,1909f56bfc062723c751e8b465ee728b)  -> (artifact id: '9b887741ffc7c6ca6b3f2990a88c27be') in 0.078291 seconds 
  Import took 0.083630 seconds .

========================================================================
Received Import Request.
  Time since last request: 304.835983 seconds.
  path: Assets/Sprites/scottpilgrim_multiple_0.controller
  artifactKey: Guid(eb0d340a725f74141991aace5047f3ec) Importer(815301076,1909f56bfc062723c751e8b465ee728b)
Start importing Assets/Sprites/scottpilgrim_multiple_0.controller using Guid(eb0d340a725f74141991aace5047f3ec) Importer(815301076,1909f56bfc062723c751e8b465ee728b)  -> (artifact id: '05ccd20f66d5ef1087be2178c3fc1a61') in 0.022585 seconds 
  Import took 0.028657 seconds .

========================================================================
Received Import Request.
  Time since last request: 49.204247 seconds.
  path: Assets/Animation
  artifactKey: Guid(f8906f4565d0369489a5ec70eb9f484e) Importer(815301076,1909f56bfc062723c751e8b465ee728b)
Start importing Assets/Animation using Guid(f8906f4565d0369489a5ec70eb9f484e) Importer(815301076,1909f56bfc062723c751e8b465ee728b)  -> (artifact id: 'b157c4869a2c9e6e33c2dd64cf8bbab4') in 0.008950 seconds 
  Import took 0.014103 seconds .

========================================================================
Received Import Request.
  Time since last request: 63.142466 seconds.
  path: Assets/Animation/Player Controller.controller
  artifactKey: Guid(f365824c66de149499626232a52fcfa0) Importer(815301076,1909f56bfc062723c751e8b465ee728b)
Start importing Assets/Animation/Player Controller.controller using Guid(f365824c66de149499626232a52fcfa0) Importer(815301076,1909f56bfc062723c751e8b465ee728b)  -> (artifact id: 'd104e49ea06c370859daa93e57bc4cac') in 0.009918 seconds 
  Import took 0.015437 seconds .

========================================================================
Received Import Request.
  Time since last request: 46.783073 seconds.
  path: Assets/Sprites/scottpilgrim_multiple.png
  artifactKey: Guid(536ad02dfbdd4fb4d9da1c70a332ff6d) Importer(815301076,1909f56bfc062723c751e8b465ee728b)
Start importing Assets/Sprites/scottpilgrim_multiple.png using Guid(536ad02dfbdd4fb4d9da1c70a332ff6d) Importer(815301076,1909f56bfc062723c751e8b465ee728b)  -> (artifact id: '4101951f38db372c3f509514a4433bbc') in 0.083102 seconds 
  Import took 0.088681 seconds .

========================================================================
Received Import Request.
  Time since last request: 0.003705 seconds.
  path: Assets/Sprites/scottpilgrim_multiple.png
  artifactKey: Guid(536ad02dfbdd4fb4d9da1c70a332ff6d) Importer(815301076,1909f56bfc062723c751e8b465ee728b)
Start importing Assets/Sprites/scottpilgrim_multiple.png using Guid(536ad02dfbdd4fb4d9da1c70a332ff6d) Importer(815301076,1909f56bfc062723c751e8b465ee728b)  -> (artifact id: '4101951f38db372c3f509514a4433bbc') in 0.077870 seconds 
  Import took 0.084179 seconds .

========================================================================
Received Import Request.
  Time since last request: 191.110116 seconds.
  path: Assets/Animation/Running Right.anim
  artifactKey: Guid(b48f54d7eee734745a25e0af75957341) Importer(815301076,1909f56bfc062723c751e8b465ee728b)
Start importing Assets/Animation/Running Right.anim using Guid(b48f54d7eee734745a25e0af75957341) Importer(815301076,1909f56bfc062723c751e8b465ee728b)  -> (artifact id: '7c03634a24e88640de5b545b043cf4ba') in 0.014165 seconds 
  Import took 0.020484 seconds .

========================================================================
Received Prepare
Registering precompiled user dll's ...
Registered in 0.008610 seconds.
Begin MonoManager ReloadAssembly
Native extension for LinuxStandalone target not found
Native extension for WindowsStandalone target not found
Native extension for OSXStandalone target not found
Refreshing native plugins compatible for Editor in 0.93 ms, found 3 plugins.
Preloading 0 native plugins for Editor in 0.00 ms.
Mono: successfully reloaded assembly
- Completed reload, in  1.965 seconds
Domain Reload Profiling:
	ReloadAssembly (1966ms)
		BeginReloadAssembly (174ms)
			ExecutionOrderSort (0ms)
			DisableScriptedObjects (10ms)
			BackupInstance (0ms)
			ReleaseScriptingObjects (0ms)
			CreateAndSetChildDomain (55ms)
		EndReloadAssembly (1680ms)
			LoadAssemblies (151ms)
			RebuildTransferFunctionScriptingTraits (0ms)
			SetupTypeCache (536ms)
			ReleaseScriptCaches (1ms)
			RebuildScriptCaches (96ms)
			SetupLoadedEditorAssemblies (680ms)
				LogAssemblyErrors (0ms)
				InitializePlatformSupportModulesInManaged (14ms)
				SetLoadedEditorAssemblies (1ms)
				RefreshPlugins (1ms)
				BeforeProcessingInitializeOnLoad (161ms)
				ProcessInitializeOnLoadAttributes (483ms)
				ProcessInitializeOnLoadMethodAttributes (8ms)
				AfterProcessingInitializeOnLoad (12ms)
				EditorAssembliesLoaded (0ms)
			ExecutionOrderSort2 (0ms)
			AwakeInstancesAfterBackupRestoration (17ms)
Platform modules already initialized, skipping
Refreshing native plugins compatible for Editor in 0.98 ms, found 3 plugins.
Preloading 0 native plugins for Editor in 0.00 ms.
Unloading 2082 Unused Serialized files (Serialized files now loaded: 0)
System memory in use before: 95.5 MB.
System memory in use after: 95.6 MB.

Unloading 16 unused Assets to reduce memory usage. Loaded Objects now: 2554.
Total: 5.804900 ms (FindLiveObjects: 0.329700 ms CreateObjectMapping: 0.132900 ms MarkObjects: 5.312700 ms  DeleteObjects: 0.027900 ms)

AssetImportParameters requested are different than current active one (requested -> active):
  custom:framework-win-MediaFoundation: 216162199b28c13a410421893ffa2e32 -> 
  custom:video-decoder-ogg-theora: a1e56fd34408186e4bbccfd4996cb3dc -> 
  custom:container-muxer-webm: aa71ff27fc2769a1b78a27578f13a17b -> 
  custom:container-demuxer-webm: 4f35f7cbe854078d1ac9338744f61a02 -> 
  custom:container-demuxer-ogg: 62fdf1f143b41e24485cea50d1cbac27 -> 
  custom:video-encoder-webm-vp8: eb34c28f22e8b96e1ab97ce403110664 -> 
  custom:video-decoder-webm-vp8: 9c59270c3fd7afecdb556c50c9e8de78 -> 
  custom:audio-decoder-ogg-vorbis: bf7c407c2cedff20999df2af8eb42d56 -> 
  custom:audio-encoder-webm-vorbis: bf7c407c2cedff20999df2af8eb42d56 -> 
========================================================================
Received Prepare
Registering precompiled user dll's ...
Registered in 0.008614 seconds.
Begin MonoManager ReloadAssembly
Native extension for LinuxStandalone target not found
Native extension for WindowsStandalone target not found
Native extension for OSXStandalone target not found
Refreshing native plugins compatible for Editor in 0.73 ms, found 3 plugins.
Preloading 0 native plugins for Editor in 0.00 ms.
Mono: successfully reloaded assembly
- Completed reload, in  1.803 seconds
Domain Reload Profiling:
	ReloadAssembly (1803ms)
		BeginReloadAssembly (171ms)
			ExecutionOrderSort (0ms)
			DisableScriptedObjects (10ms)
			BackupInstance (0ms)
			ReleaseScriptingObjects (0ms)
			CreateAndSetChildDomain (53ms)
		EndReloadAssembly (1516ms)
			LoadAssemblies (154ms)
			RebuildTransferFunctionScriptingTraits (0ms)
			SetupTypeCache (524ms)
			ReleaseScriptCaches (1ms)
			RebuildScriptCaches (75ms)
			SetupLoadedEditorAssemblies (585ms)
				LogAssemblyErrors (0ms)
				InitializePlatformSupportModulesInManaged (12ms)
				SetLoadedEditorAssemblies (1ms)
				RefreshPlugins (1ms)
				BeforeProcessingInitializeOnLoad (131ms)
				ProcessInitializeOnLoadAttributes (422ms)
				ProcessInitializeOnLoadMethodAttributes (8ms)
				AfterProcessingInitializeOnLoad (11ms)
				EditorAssembliesLoaded (0ms)
			ExecutionOrderSort2 (0ms)
			AwakeInstancesAfterBackupRestoration (16ms)
Platform modules already initialized, skipping
Refreshing native plugins compatible for Editor in 0.90 ms, found 3 plugins.
Preloading 0 native plugins for Editor in 0.00 ms.
Unloading 2082 Unused Serialized files (Serialized files now loaded: 0)
System memory in use before: 95.5 MB.
System memory in use after: 95.7 MB.

Unloading 16 unused Assets to reduce memory usage. Loaded Objects now: 2557.
Total: 5.102000 ms (FindLiveObjects: 0.298000 ms CreateObjectMapping: 0.118500 ms MarkObjects: 4.653300 ms  DeleteObjects: 0.030100 ms)

AssetImportParameters requested are different than current active one (requested -> active):
  custom:framework-win-MediaFoundation: 216162199b28c13a410421893ffa2e32 -> 
  custom:video-decoder-ogg-theora: a1e56fd34408186e4bbccfd4996cb3dc -> 
  custom:container-muxer-webm: aa71ff27fc2769a1b78a27578f13a17b -> 
  custom:container-demuxer-webm: 4f35f7cbe854078d1ac9338744f61a02 -> 
  custom:container-demuxer-ogg: 62fdf1f143b41e24485cea50d1cbac27 -> 
  custom:video-encoder-webm-vp8: eb34c28f22e8b96e1ab97ce403110664 -> 
  custom:video-decoder-webm-vp8: 9c59270c3fd7afecdb556c50c9e8de78 -> 
  custom:audio-decoder-ogg-vorbis: bf7c407c2cedff20999df2af8eb42d56 -> 
  custom:audio-encoder-webm-vorbis: bf7c407c2cedff20999df2af8eb42d56 -> 
========================================================================
Received Import Request.
  Time since last request: 64.303046 seconds.
  path: Assets
  artifactKey: Guid(00000000000000001000000000000000) Importer(815301076,1909f56bfc062723c751e8b465ee728b)
Start importing Assets using Guid(00000000000000001000000000000000) Importer(815301076,1909f56bfc062723c751e8b465ee728b)  -> (artifact id: '42d402b061de3733987d63b9cc3b64de') in 0.012814 seconds 
  Import took 0.018398 seconds .

========================================================================
Received Import Request.
  Time since last request: 9.840476 seconds.
  path: Assets/Scripts
  artifactKey: Guid(9009909fb2fb76a40b80e0ab7893671c) Importer(815301076,1909f56bfc062723c751e8b465ee728b)
Start importing Assets/Scripts using Guid(9009909fb2fb76a40b80e0ab7893671c) Importer(815301076,1909f56bfc062723c751e8b465ee728b)  -> (artifact id: 'cbfb05d9e76d01d2e1af9a08a9b649a4') in 0.009421 seconds 
  Import took 0.014881 seconds .

========================================================================
Received Prepare
Registering precompiled user dll's ...
Registered in 0.009629 seconds.
Begin MonoManager ReloadAssembly
Native extension for LinuxStandalone target not found
Native extension for WindowsStandalone target not found
Native extension for OSXStandalone target not found
Refreshing native plugins compatible for Editor in 0.74 ms, found 3 plugins.
Preloading 0 native plugins for Editor in 0.00 ms.
Mono: successfully reloaded assembly
- Completed reload, in  1.799 seconds
Domain Reload Profiling:
	ReloadAssembly (1800ms)
		BeginReloadAssembly (175ms)
			ExecutionOrderSort (0ms)
			DisableScriptedObjects (10ms)
			BackupInstance (0ms)
			ReleaseScriptingObjects (0ms)
			CreateAndSetChildDomain (53ms)
		EndReloadAssembly (1509ms)
			LoadAssemblies (154ms)
			RebuildTransferFunctionScriptingTraits (0ms)
			SetupTypeCache (491ms)
			ReleaseScriptCaches (1ms)
			RebuildScriptCaches (78ms)
			SetupLoadedEditorAssemblies (598ms)
				LogAssemblyErrors (0ms)
				InitializePlatformSupportModulesInManaged (11ms)
				SetLoadedEditorAssemblies (1ms)
				RefreshPlugins (1ms)
				BeforeProcessingInitializeOnLoad (137ms)
				ProcessInitializeOnLoadAttributes (426ms)
				ProcessInitializeOnLoadMethodAttributes (9ms)
				AfterProcessingInitializeOnLoad (12ms)
				EditorAssembliesLoaded (0ms)
			ExecutionOrderSort2 (0ms)
			AwakeInstancesAfterBackupRestoration (17ms)
Platform modules already initialized, skipping
Refreshing native plugins compatible for Editor in 0.84 ms, found 3 plugins.
Preloading 0 native plugins for Editor in 0.00 ms.
Unloading 2082 Unused Serialized files (Serialized files now loaded: 0)
System memory in use before: 95.6 MB.
System memory in use after: 95.7 MB.

Unloading 16 unused Assets to reduce memory usage. Loaded Objects now: 2560.
Total: 12.296900 ms (FindLiveObjects: 0.361200 ms CreateObjectMapping: 0.198700 ms MarkObjects: 11.686300 ms  DeleteObjects: 0.034500 ms)

AssetImportParameters requested are different than current active one (requested -> active):
  custom:framework-win-MediaFoundation: 216162199b28c13a410421893ffa2e32 -> 
  custom:video-decoder-ogg-theora: a1e56fd34408186e4bbccfd4996cb3dc -> 
  custom:container-muxer-webm: aa71ff27fc2769a1b78a27578f13a17b -> 
  custom:container-demuxer-webm: 4f35f7cbe854078d1ac9338744f61a02 -> 
  custom:container-demuxer-ogg: 62fdf1f143b41e24485cea50d1cbac27 -> 
  custom:video-encoder-webm-vp8: eb34c28f22e8b96e1ab97ce403110664 -> 
  custom:video-decoder-webm-vp8: 9c59270c3fd7afecdb556c50c9e8de78 -> 
  custom:audio-decoder-ogg-vorbis: bf7c407c2cedff20999df2af8eb42d56 -> 
  custom:audio-encoder-webm-vorbis: bf7c407c2cedff20999df2af8eb42d56 -> 
========================================================================
Received Import Request.
  Time since last request: 11.375796 seconds.
  path: Assets/Scripts/Player.cs
  artifactKey: Guid(feb3549c6ee3d8148a609180d6a8c94f) Importer(815301076,1909f56bfc062723c751e8b465ee728b)
Start importing Assets/Scripts/Player.cs using Guid(feb3549c6ee3d8148a609180d6a8c94f) Importer(815301076,1909f56bfc062723c751e8b465ee728b)  -> (artifact id: '1737bdf5d748cca0128aca63129194ca') in 0.026398 seconds 
  Import took 0.032135 seconds .

========================================================================
Received Import Request.
  Time since last request: 89.297285 seconds.
  path: Assets/Scripts/Player.cs
  artifactKey: Guid(feb3549c6ee3d8148a609180d6a8c94f) Importer(815301076,1909f56bfc062723c751e8b465ee728b)
Start importing Assets/Scripts/Player.cs using Guid(feb3549c6ee3d8148a609180d6a8c94f) Importer(815301076,1909f56bfc062723c751e8b465ee728b)  -> (artifact id: 'a3a36c45b608cf8b44d7b11ddc174c4d') in 0.007390 seconds 
  Import took 0.013654 seconds .

========================================================================
Received Prepare
Registering precompiled user dll's ...
Registered in 0.007683 seconds.
Begin MonoManager ReloadAssembly
Native extension for LinuxStandalone target not found
Native extension for WindowsStandalone target not found
Native extension for OSXStandalone target not found
Refreshing native plugins compatible for Editor in 0.74 ms, found 3 plugins.
Preloading 0 native plugins for Editor in 0.00 ms.
Mono: successfully reloaded assembly
- Completed reload, in  2.037 seconds
Domain Reload Profiling:
	ReloadAssembly (2038ms)
		BeginReloadAssembly (191ms)
			ExecutionOrderSort (0ms)
			DisableScriptedObjects (11ms)
			BackupInstance (0ms)
			ReleaseScriptingObjects (0ms)
			CreateAndSetChildDomain (53ms)
		EndReloadAssembly (1723ms)
			LoadAssemblies (172ms)
			RebuildTransferFunctionScriptingTraits (0ms)
			SetupTypeCache (556ms)
			ReleaseScriptCaches (1ms)
			RebuildScriptCaches (83ms)
			SetupLoadedEditorAssemblies (701ms)
				LogAssemblyErrors (0ms)
				InitializePlatformSupportModulesInManaged (12ms)
				SetLoadedEditorAssemblies (1ms)
				RefreshPlugins (1ms)
				BeforeProcessingInitializeOnLoad (144ms)
				ProcessInitializeOnLoadAttributes (521ms)
				ProcessInitializeOnLoadMethodAttributes (8ms)
				AfterProcessingInitializeOnLoad (13ms)
				EditorAssembliesLoaded (0ms)
			ExecutionOrderSort2 (0ms)
			AwakeInstancesAfterBackupRestoration (27ms)
Platform modules already initialized, skipping
Refreshing native plugins compatible for Editor in 0.81 ms, found 3 plugins.
Preloading 0 native plugins for Editor in 0.00 ms.
Unloading 2082 Unused Serialized files (Serialized files now loaded: 0)
System memory in use before: 95.6 MB.
System memory in use after: 95.7 MB.

Unloading 16 unused Assets to reduce memory usage. Loaded Objects now: 2563.
Total: 6.329900 ms (FindLiveObjects: 0.329400 ms CreateObjectMapping: 0.152800 ms MarkObjects: 5.803600 ms  DeleteObjects: 0.041900 ms)

AssetImportParameters requested are different than current active one (requested -> active):
  custom:framework-win-MediaFoundation: 216162199b28c13a410421893ffa2e32 -> 
  custom:video-decoder-ogg-theora: a1e56fd34408186e4bbccfd4996cb3dc -> 
  custom:container-muxer-webm: aa71ff27fc2769a1b78a27578f13a17b -> 
  custom:container-demuxer-webm: 4f35f7cbe854078d1ac9338744f61a02 -> 
  custom:container-demuxer-ogg: 62fdf1f143b41e24485cea50d1cbac27 -> 
  custom:video-encoder-webm-vp8: eb34c28f22e8b96e1ab97ce403110664 -> 
  custom:video-decoder-webm-vp8: 9c59270c3fd7afecdb556c50c9e8de78 -> 
  custom:audio-decoder-ogg-vorbis: bf7c407c2cedff20999df2af8eb42d56 -> 
  custom:audio-encoder-webm-vorbis: bf7c407c2cedff20999df2af8eb42d56 -> 
========================================================================
Received Import Request.
  Time since last request: 243.213861 seconds.
  path: Assets/Scripts/Player.cs
  artifactKey: Guid(feb3549c6ee3d8148a609180d6a8c94f) Importer(815301076,1909f56bfc062723c751e8b465ee728b)
Start importing Assets/Scripts/Player.cs using Guid(feb3549c6ee3d8148a609180d6a8c94f) Importer(815301076,1909f56bfc062723c751e8b465ee728b)  -> (artifact id: '0b6d810c1b6994ca8cfef7b1c77b7ddf') in 0.010857 seconds 
  Import took 0.018294 seconds .

========================================================================
Received Import Request.
  Time since last request: 369.457439 seconds.
  path: Assets/Animation/scottpilgrim_multiple_8.controller
  artifactKey: Guid(a757009dac0ee39449a6e1f9ebaa6f78) Importer(815301076,1909f56bfc062723c751e8b465ee728b)
Start importing Assets/Animation/scottpilgrim_multiple_8.controller using Guid(a757009dac0ee39449a6e1f9ebaa6f78) Importer(815301076,1909f56bfc062723c751e8b465ee728b)  -> (artifact id: 'd07559d918ee0051e103b8598a0689a1') in 0.023011 seconds 
  Import took 0.028935 seconds .

========================================================================
Received Import Request.
  Time since last request: 0.000788 seconds.
  path: Assets/Animation/scottpilgrim_multiple_8.controller
  artifactKey: Guid(a757009dac0ee39449a6e1f9ebaa6f78) Importer(815301076,1909f56bfc062723c751e8b465ee728b)
Start importing Assets/Animation/scottpilgrim_multiple_8.controller using Guid(a757009dac0ee39449a6e1f9ebaa6f78) Importer(815301076,1909f56bfc062723c751e8b465ee728b)  -> (artifact id: 'd07559d918ee0051e103b8598a0689a1') in 0.003797 seconds 
  Import took 0.009220 seconds .

AssetImportWorkerClient::OnTransportError - code=2 error=End of file
